[2024-12-25T05:57:29.360+0000] {processor.py:186} INFO - Started process (PID=7561) to work on /workspace/openaq_de_project/airflow-env/lib/python3.12/site-packages/airflow/example_dags/example_time_delta_sensor_async.py
[2024-12-25T05:57:29.361+0000] {processor.py:914} INFO - Processing file /workspace/openaq_de_project/airflow-env/lib/python3.12/site-packages/airflow/example_dags/example_time_delta_sensor_async.py for tasks to queue
[2024-12-25T05:57:29.363+0000] {logging_mixin.py:190} INFO - [2024-12-25T05:57:29.362+0000] {dagbag.py:588} INFO - Filling up the DagBag from /workspace/openaq_de_project/airflow-env/lib/python3.12/site-packages/airflow/example_dags/example_time_delta_sensor_async.py
[2024-12-25T05:57:29.370+0000] {processor.py:925} INFO - DAG(s) 'example_time_delta_sensor_async' retrieved from /workspace/openaq_de_project/airflow-env/lib/python3.12/site-packages/airflow/example_dags/example_time_delta_sensor_async.py
[2024-12-25T05:57:29.471+0000] {logging_mixin.py:190} INFO - [2024-12-25T05:57:29.470+0000] {override.py:1911} INFO - Created Permission View: can delete on DAG:example_time_delta_sensor_async
[2024-12-25T05:57:29.479+0000] {logging_mixin.py:190} INFO - [2024-12-25T05:57:29.479+0000] {override.py:1911} INFO - Created Permission View: can read on DAG:example_time_delta_sensor_async
[2024-12-25T05:57:29.485+0000] {logging_mixin.py:190} INFO - [2024-12-25T05:57:29.484+0000] {override.py:1911} INFO - Created Permission View: can edit on DAG:example_time_delta_sensor_async
[2024-12-25T05:57:29.492+0000] {logging_mixin.py:190} INFO - [2024-12-25T05:57:29.492+0000] {override.py:1911} INFO - Created Permission View: menu access on DAG Run:example_time_delta_sensor_async
[2024-12-25T05:57:29.497+0000] {logging_mixin.py:190} INFO - [2024-12-25T05:57:29.497+0000] {override.py:1911} INFO - Created Permission View: can read on DAG Run:example_time_delta_sensor_async
[2024-12-25T05:57:29.503+0000] {logging_mixin.py:190} INFO - [2024-12-25T05:57:29.502+0000] {override.py:1911} INFO - Created Permission View: can delete on DAG Run:example_time_delta_sensor_async
[2024-12-25T05:57:29.508+0000] {logging_mixin.py:190} INFO - [2024-12-25T05:57:29.507+0000] {override.py:1911} INFO - Created Permission View: can create on DAG Run:example_time_delta_sensor_async
[2024-12-25T05:57:29.508+0000] {logging_mixin.py:190} INFO - [2024-12-25T05:57:29.508+0000] {dag.py:3239} INFO - Sync 1 DAGs
[2024-12-25T05:57:29.518+0000] {logging_mixin.py:190} INFO - [2024-12-25T05:57:29.518+0000] {dag.py:3262} INFO - Creating ORM DAG for example_time_delta_sensor_async
[2024-12-25T05:57:29.518+0000] {logging_mixin.py:190} INFO - [2024-12-25T05:57:29.518+0000] {dag.py:4180} INFO - Setting next_dagrun for example_time_delta_sensor_async to None, run_after=None
[2024-12-25T05:57:29.532+0000] {processor.py:208} INFO - Processing /workspace/openaq_de_project/airflow-env/lib/python3.12/site-packages/airflow/example_dags/example_time_delta_sensor_async.py took 0.177 seconds
[2024-12-25T05:58:34.481+0000] {processor.py:186} INFO - Started process (PID=7658) to work on /workspace/openaq_de_project/airflow-env/lib/python3.12/site-packages/airflow/example_dags/example_time_delta_sensor_async.py
[2024-12-25T05:58:34.482+0000] {processor.py:914} INFO - Processing file /workspace/openaq_de_project/airflow-env/lib/python3.12/site-packages/airflow/example_dags/example_time_delta_sensor_async.py for tasks to queue
[2024-12-25T05:58:34.484+0000] {logging_mixin.py:190} INFO - [2024-12-25T05:58:34.484+0000] {dagbag.py:588} INFO - Filling up the DagBag from /workspace/openaq_de_project/airflow-env/lib/python3.12/site-packages/airflow/example_dags/example_time_delta_sensor_async.py
[2024-12-25T05:58:34.490+0000] {processor.py:925} INFO - DAG(s) 'example_time_delta_sensor_async' retrieved from /workspace/openaq_de_project/airflow-env/lib/python3.12/site-packages/airflow/example_dags/example_time_delta_sensor_async.py
[2024-12-25T05:58:34.503+0000] {logging_mixin.py:190} INFO - [2024-12-25T05:58:34.502+0000] {dag.py:3239} INFO - Sync 1 DAGs
[2024-12-25T05:58:34.513+0000] {logging_mixin.py:190} INFO - [2024-12-25T05:58:34.513+0000] {dag.py:4180} INFO - Setting next_dagrun for example_time_delta_sensor_async to None, run_after=None
[2024-12-25T05:58:34.529+0000] {processor.py:208} INFO - Processing /workspace/openaq_de_project/airflow-env/lib/python3.12/site-packages/airflow/example_dags/example_time_delta_sensor_async.py took 0.053 seconds
[2024-12-25T05:59:31.022+0000] {processor.py:186} INFO - Started process (PID=7750) to work on /workspace/openaq_de_project/airflow-env/lib/python3.12/site-packages/airflow/example_dags/example_time_delta_sensor_async.py
[2024-12-25T05:59:31.023+0000] {processor.py:914} INFO - Processing file /workspace/openaq_de_project/airflow-env/lib/python3.12/site-packages/airflow/example_dags/example_time_delta_sensor_async.py for tasks to queue
[2024-12-25T05:59:31.024+0000] {logging_mixin.py:190} INFO - [2024-12-25T05:59:31.024+0000] {dagbag.py:588} INFO - Filling up the DagBag from /workspace/openaq_de_project/airflow-env/lib/python3.12/site-packages/airflow/example_dags/example_time_delta_sensor_async.py
[2024-12-25T05:59:31.031+0000] {processor.py:925} INFO - DAG(s) 'example_time_delta_sensor_async' retrieved from /workspace/openaq_de_project/airflow-env/lib/python3.12/site-packages/airflow/example_dags/example_time_delta_sensor_async.py
[2024-12-25T05:59:31.043+0000] {logging_mixin.py:190} INFO - [2024-12-25T05:59:31.043+0000] {dag.py:3239} INFO - Sync 1 DAGs
[2024-12-25T05:59:31.055+0000] {logging_mixin.py:190} INFO - [2024-12-25T05:59:31.055+0000] {dag.py:4180} INFO - Setting next_dagrun for example_time_delta_sensor_async to None, run_after=None
[2024-12-25T05:59:31.071+0000] {processor.py:208} INFO - Processing /workspace/openaq_de_project/airflow-env/lib/python3.12/site-packages/airflow/example_dags/example_time_delta_sensor_async.py took 0.054 seconds
[2024-12-25T06:00:23.642+0000] {processor.py:186} INFO - Started process (PID=7890) to work on /workspace/openaq_de_project/airflow-env/lib/python3.12/site-packages/airflow/example_dags/example_time_delta_sensor_async.py
[2024-12-25T06:00:23.643+0000] {processor.py:914} INFO - Processing file /workspace/openaq_de_project/airflow-env/lib/python3.12/site-packages/airflow/example_dags/example_time_delta_sensor_async.py for tasks to queue
[2024-12-25T06:00:23.645+0000] {logging_mixin.py:190} INFO - [2024-12-25T06:00:23.645+0000] {dagbag.py:588} INFO - Filling up the DagBag from /workspace/openaq_de_project/airflow-env/lib/python3.12/site-packages/airflow/example_dags/example_time_delta_sensor_async.py
[2024-12-25T06:00:23.652+0000] {processor.py:925} INFO - DAG(s) 'example_time_delta_sensor_async' retrieved from /workspace/openaq_de_project/airflow-env/lib/python3.12/site-packages/airflow/example_dags/example_time_delta_sensor_async.py
[2024-12-25T06:00:23.666+0000] {logging_mixin.py:190} INFO - [2024-12-25T06:00:23.665+0000] {dag.py:3239} INFO - Sync 1 DAGs
[2024-12-25T06:00:23.677+0000] {logging_mixin.py:190} INFO - [2024-12-25T06:00:23.677+0000] {dag.py:4180} INFO - Setting next_dagrun for example_time_delta_sensor_async to None, run_after=None
[2024-12-25T06:00:23.695+0000] {processor.py:208} INFO - Processing /workspace/openaq_de_project/airflow-env/lib/python3.12/site-packages/airflow/example_dags/example_time_delta_sensor_async.py took 0.057 seconds
[2024-12-25T06:01:17.777+0000] {processor.py:186} INFO - Started process (PID=8143) to work on /workspace/openaq_de_project/airflow-env/lib/python3.12/site-packages/airflow/example_dags/example_time_delta_sensor_async.py
[2024-12-25T06:01:17.778+0000] {processor.py:914} INFO - Processing file /workspace/openaq_de_project/airflow-env/lib/python3.12/site-packages/airflow/example_dags/example_time_delta_sensor_async.py for tasks to queue
[2024-12-25T06:01:17.779+0000] {logging_mixin.py:190} INFO - [2024-12-25T06:01:17.779+0000] {dagbag.py:588} INFO - Filling up the DagBag from /workspace/openaq_de_project/airflow-env/lib/python3.12/site-packages/airflow/example_dags/example_time_delta_sensor_async.py
[2024-12-25T06:01:17.786+0000] {processor.py:925} INFO - DAG(s) 'example_time_delta_sensor_async' retrieved from /workspace/openaq_de_project/airflow-env/lib/python3.12/site-packages/airflow/example_dags/example_time_delta_sensor_async.py
[2024-12-25T06:01:17.799+0000] {logging_mixin.py:190} INFO - [2024-12-25T06:01:17.799+0000] {dag.py:3239} INFO - Sync 1 DAGs
[2024-12-25T06:01:17.811+0000] {logging_mixin.py:190} INFO - [2024-12-25T06:01:17.811+0000] {dag.py:4180} INFO - Setting next_dagrun for example_time_delta_sensor_async to None, run_after=None
[2024-12-25T06:01:17.844+0000] {processor.py:208} INFO - Processing /workspace/openaq_de_project/airflow-env/lib/python3.12/site-packages/airflow/example_dags/example_time_delta_sensor_async.py took 0.073 seconds
[2024-12-25T06:02:10.887+0000] {processor.py:186} INFO - Started process (PID=8443) to work on /workspace/openaq_de_project/airflow-env/lib/python3.12/site-packages/airflow/example_dags/example_time_delta_sensor_async.py
[2024-12-25T06:02:10.888+0000] {processor.py:914} INFO - Processing file /workspace/openaq_de_project/airflow-env/lib/python3.12/site-packages/airflow/example_dags/example_time_delta_sensor_async.py for tasks to queue
[2024-12-25T06:02:10.890+0000] {logging_mixin.py:190} INFO - [2024-12-25T06:02:10.890+0000] {dagbag.py:588} INFO - Filling up the DagBag from /workspace/openaq_de_project/airflow-env/lib/python3.12/site-packages/airflow/example_dags/example_time_delta_sensor_async.py
[2024-12-25T06:02:10.897+0000] {processor.py:925} INFO - DAG(s) 'example_time_delta_sensor_async' retrieved from /workspace/openaq_de_project/airflow-env/lib/python3.12/site-packages/airflow/example_dags/example_time_delta_sensor_async.py
[2024-12-25T06:02:10.910+0000] {logging_mixin.py:190} INFO - [2024-12-25T06:02:10.910+0000] {dag.py:3239} INFO - Sync 1 DAGs
[2024-12-25T06:02:10.922+0000] {logging_mixin.py:190} INFO - [2024-12-25T06:02:10.921+0000] {dag.py:4180} INFO - Setting next_dagrun for example_time_delta_sensor_async to None, run_after=None
[2024-12-25T06:02:10.937+0000] {processor.py:208} INFO - Processing /workspace/openaq_de_project/airflow-env/lib/python3.12/site-packages/airflow/example_dags/example_time_delta_sensor_async.py took 0.055 seconds
[2024-12-25T06:03:00.977+0000] {processor.py:186} INFO - Started process (PID=8526) to work on /workspace/openaq_de_project/airflow-env/lib/python3.12/site-packages/airflow/example_dags/example_time_delta_sensor_async.py
[2024-12-25T06:03:00.978+0000] {processor.py:914} INFO - Processing file /workspace/openaq_de_project/airflow-env/lib/python3.12/site-packages/airflow/example_dags/example_time_delta_sensor_async.py for tasks to queue
[2024-12-25T06:03:00.980+0000] {logging_mixin.py:190} INFO - [2024-12-25T06:03:00.980+0000] {dagbag.py:588} INFO - Filling up the DagBag from /workspace/openaq_de_project/airflow-env/lib/python3.12/site-packages/airflow/example_dags/example_time_delta_sensor_async.py
[2024-12-25T06:03:00.987+0000] {processor.py:925} INFO - DAG(s) 'example_time_delta_sensor_async' retrieved from /workspace/openaq_de_project/airflow-env/lib/python3.12/site-packages/airflow/example_dags/example_time_delta_sensor_async.py
[2024-12-25T06:03:01.000+0000] {logging_mixin.py:190} INFO - [2024-12-25T06:03:01.000+0000] {dag.py:3239} INFO - Sync 1 DAGs
[2024-12-25T06:03:01.012+0000] {logging_mixin.py:190} INFO - [2024-12-25T06:03:01.011+0000] {dag.py:4180} INFO - Setting next_dagrun for example_time_delta_sensor_async to None, run_after=None
[2024-12-25T06:03:01.120+0000] {processor.py:208} INFO - Processing /workspace/openaq_de_project/airflow-env/lib/python3.12/site-packages/airflow/example_dags/example_time_delta_sensor_async.py took 0.149 seconds
[2024-12-25T06:03:55.145+0000] {processor.py:186} INFO - Started process (PID=8613) to work on /workspace/openaq_de_project/airflow-env/lib/python3.12/site-packages/airflow/example_dags/example_time_delta_sensor_async.py
[2024-12-25T06:03:55.146+0000] {processor.py:914} INFO - Processing file /workspace/openaq_de_project/airflow-env/lib/python3.12/site-packages/airflow/example_dags/example_time_delta_sensor_async.py for tasks to queue
[2024-12-25T06:03:55.148+0000] {logging_mixin.py:190} INFO - [2024-12-25T06:03:55.148+0000] {dagbag.py:588} INFO - Filling up the DagBag from /workspace/openaq_de_project/airflow-env/lib/python3.12/site-packages/airflow/example_dags/example_time_delta_sensor_async.py
[2024-12-25T06:03:55.155+0000] {processor.py:925} INFO - DAG(s) 'example_time_delta_sensor_async' retrieved from /workspace/openaq_de_project/airflow-env/lib/python3.12/site-packages/airflow/example_dags/example_time_delta_sensor_async.py
[2024-12-25T06:03:55.167+0000] {logging_mixin.py:190} INFO - [2024-12-25T06:03:55.167+0000] {dag.py:3239} INFO - Sync 1 DAGs
[2024-12-25T06:03:55.179+0000] {logging_mixin.py:190} INFO - [2024-12-25T06:03:55.179+0000] {dag.py:4180} INFO - Setting next_dagrun for example_time_delta_sensor_async to None, run_after=None
[2024-12-25T06:03:55.195+0000] {processor.py:208} INFO - Processing /workspace/openaq_de_project/airflow-env/lib/python3.12/site-packages/airflow/example_dags/example_time_delta_sensor_async.py took 0.055 seconds
[2024-12-25T06:04:47.232+0000] {processor.py:186} INFO - Started process (PID=8748) to work on /workspace/openaq_de_project/airflow-env/lib/python3.12/site-packages/airflow/example_dags/example_time_delta_sensor_async.py
[2024-12-25T06:04:47.233+0000] {processor.py:914} INFO - Processing file /workspace/openaq_de_project/airflow-env/lib/python3.12/site-packages/airflow/example_dags/example_time_delta_sensor_async.py for tasks to queue
[2024-12-25T06:04:47.234+0000] {logging_mixin.py:190} INFO - [2024-12-25T06:04:47.234+0000] {dagbag.py:588} INFO - Filling up the DagBag from /workspace/openaq_de_project/airflow-env/lib/python3.12/site-packages/airflow/example_dags/example_time_delta_sensor_async.py
[2024-12-25T06:04:47.241+0000] {processor.py:925} INFO - DAG(s) 'example_time_delta_sensor_async' retrieved from /workspace/openaq_de_project/airflow-env/lib/python3.12/site-packages/airflow/example_dags/example_time_delta_sensor_async.py
[2024-12-25T06:04:47.254+0000] {logging_mixin.py:190} INFO - [2024-12-25T06:04:47.254+0000] {dag.py:3239} INFO - Sync 1 DAGs
[2024-12-25T06:04:47.266+0000] {logging_mixin.py:190} INFO - [2024-12-25T06:04:47.266+0000] {dag.py:4180} INFO - Setting next_dagrun for example_time_delta_sensor_async to None, run_after=None
[2024-12-25T06:04:47.282+0000] {processor.py:208} INFO - Processing /workspace/openaq_de_project/airflow-env/lib/python3.12/site-packages/airflow/example_dags/example_time_delta_sensor_async.py took 0.055 seconds
[2024-12-25T06:05:40.814+0000] {processor.py:186} INFO - Started process (PID=9010) to work on /workspace/openaq_de_project/airflow-env/lib/python3.12/site-packages/airflow/example_dags/example_time_delta_sensor_async.py
[2024-12-25T06:05:40.815+0000] {processor.py:914} INFO - Processing file /workspace/openaq_de_project/airflow-env/lib/python3.12/site-packages/airflow/example_dags/example_time_delta_sensor_async.py for tasks to queue
[2024-12-25T06:05:40.817+0000] {logging_mixin.py:190} INFO - [2024-12-25T06:05:40.816+0000] {dagbag.py:588} INFO - Filling up the DagBag from /workspace/openaq_de_project/airflow-env/lib/python3.12/site-packages/airflow/example_dags/example_time_delta_sensor_async.py
[2024-12-25T06:05:40.823+0000] {processor.py:925} INFO - DAG(s) 'example_time_delta_sensor_async' retrieved from /workspace/openaq_de_project/airflow-env/lib/python3.12/site-packages/airflow/example_dags/example_time_delta_sensor_async.py
[2024-12-25T06:05:40.836+0000] {logging_mixin.py:190} INFO - [2024-12-25T06:05:40.836+0000] {dag.py:3239} INFO - Sync 1 DAGs
[2024-12-25T06:05:40.847+0000] {logging_mixin.py:190} INFO - [2024-12-25T06:05:40.847+0000] {dag.py:4180} INFO - Setting next_dagrun for example_time_delta_sensor_async to None, run_after=None
[2024-12-25T06:05:40.865+0000] {processor.py:208} INFO - Processing /workspace/openaq_de_project/airflow-env/lib/python3.12/site-packages/airflow/example_dags/example_time_delta_sensor_async.py took 0.056 seconds
[2024-12-25T06:06:32.226+0000] {processor.py:186} INFO - Started process (PID=9159) to work on /workspace/openaq_de_project/airflow-env/lib/python3.12/site-packages/airflow/example_dags/example_time_delta_sensor_async.py
[2024-12-25T06:06:32.227+0000] {processor.py:914} INFO - Processing file /workspace/openaq_de_project/airflow-env/lib/python3.12/site-packages/airflow/example_dags/example_time_delta_sensor_async.py for tasks to queue
[2024-12-25T06:06:32.228+0000] {logging_mixin.py:190} INFO - [2024-12-25T06:06:32.228+0000] {dagbag.py:588} INFO - Filling up the DagBag from /workspace/openaq_de_project/airflow-env/lib/python3.12/site-packages/airflow/example_dags/example_time_delta_sensor_async.py
[2024-12-25T06:06:32.235+0000] {processor.py:925} INFO - DAG(s) 'example_time_delta_sensor_async' retrieved from /workspace/openaq_de_project/airflow-env/lib/python3.12/site-packages/airflow/example_dags/example_time_delta_sensor_async.py
[2024-12-25T06:06:32.248+0000] {logging_mixin.py:190} INFO - [2024-12-25T06:06:32.247+0000] {dag.py:3239} INFO - Sync 1 DAGs
[2024-12-25T06:06:32.259+0000] {logging_mixin.py:190} INFO - [2024-12-25T06:06:32.259+0000] {dag.py:4180} INFO - Setting next_dagrun for example_time_delta_sensor_async to None, run_after=None
[2024-12-25T06:06:32.274+0000] {processor.py:208} INFO - Processing /workspace/openaq_de_project/airflow-env/lib/python3.12/site-packages/airflow/example_dags/example_time_delta_sensor_async.py took 0.054 seconds
[2024-12-25T06:07:24.051+0000] {processor.py:186} INFO - Started process (PID=9241) to work on /workspace/openaq_de_project/airflow-env/lib/python3.12/site-packages/airflow/example_dags/example_time_delta_sensor_async.py
[2024-12-25T06:07:24.052+0000] {processor.py:914} INFO - Processing file /workspace/openaq_de_project/airflow-env/lib/python3.12/site-packages/airflow/example_dags/example_time_delta_sensor_async.py for tasks to queue
[2024-12-25T06:07:24.054+0000] {logging_mixin.py:190} INFO - [2024-12-25T06:07:24.053+0000] {dagbag.py:588} INFO - Filling up the DagBag from /workspace/openaq_de_project/airflow-env/lib/python3.12/site-packages/airflow/example_dags/example_time_delta_sensor_async.py
[2024-12-25T06:07:24.060+0000] {processor.py:925} INFO - DAG(s) 'example_time_delta_sensor_async' retrieved from /workspace/openaq_de_project/airflow-env/lib/python3.12/site-packages/airflow/example_dags/example_time_delta_sensor_async.py
[2024-12-25T06:07:24.076+0000] {logging_mixin.py:190} INFO - [2024-12-25T06:07:24.076+0000] {dag.py:3239} INFO - Sync 1 DAGs
[2024-12-25T06:07:24.088+0000] {logging_mixin.py:190} INFO - [2024-12-25T06:07:24.088+0000] {dag.py:4180} INFO - Setting next_dagrun for example_time_delta_sensor_async to None, run_after=None
[2024-12-25T06:07:24.104+0000] {processor.py:208} INFO - Processing /workspace/openaq_de_project/airflow-env/lib/python3.12/site-packages/airflow/example_dags/example_time_delta_sensor_async.py took 0.058 seconds
[2024-12-25T06:08:12.158+0000] {processor.py:186} INFO - Started process (PID=9323) to work on /workspace/openaq_de_project/airflow-env/lib/python3.12/site-packages/airflow/example_dags/example_time_delta_sensor_async.py
[2024-12-25T06:08:12.159+0000] {processor.py:914} INFO - Processing file /workspace/openaq_de_project/airflow-env/lib/python3.12/site-packages/airflow/example_dags/example_time_delta_sensor_async.py for tasks to queue
[2024-12-25T06:08:12.161+0000] {logging_mixin.py:190} INFO - [2024-12-25T06:08:12.161+0000] {dagbag.py:588} INFO - Filling up the DagBag from /workspace/openaq_de_project/airflow-env/lib/python3.12/site-packages/airflow/example_dags/example_time_delta_sensor_async.py
[2024-12-25T06:08:12.168+0000] {processor.py:925} INFO - DAG(s) 'example_time_delta_sensor_async' retrieved from /workspace/openaq_de_project/airflow-env/lib/python3.12/site-packages/airflow/example_dags/example_time_delta_sensor_async.py
[2024-12-25T06:08:12.181+0000] {logging_mixin.py:190} INFO - [2024-12-25T06:08:12.181+0000] {dag.py:3239} INFO - Sync 1 DAGs
[2024-12-25T06:08:12.193+0000] {logging_mixin.py:190} INFO - [2024-12-25T06:08:12.193+0000] {dag.py:4180} INFO - Setting next_dagrun for example_time_delta_sensor_async to None, run_after=None
[2024-12-25T06:08:12.209+0000] {processor.py:208} INFO - Processing /workspace/openaq_de_project/airflow-env/lib/python3.12/site-packages/airflow/example_dags/example_time_delta_sensor_async.py took 0.056 seconds
[2024-12-25T06:09:02.153+0000] {processor.py:186} INFO - Started process (PID=9405) to work on /workspace/openaq_de_project/airflow-env/lib/python3.12/site-packages/airflow/example_dags/example_time_delta_sensor_async.py
[2024-12-25T06:09:02.153+0000] {processor.py:914} INFO - Processing file /workspace/openaq_de_project/airflow-env/lib/python3.12/site-packages/airflow/example_dags/example_time_delta_sensor_async.py for tasks to queue
[2024-12-25T06:09:02.155+0000] {logging_mixin.py:190} INFO - [2024-12-25T06:09:02.155+0000] {dagbag.py:588} INFO - Filling up the DagBag from /workspace/openaq_de_project/airflow-env/lib/python3.12/site-packages/airflow/example_dags/example_time_delta_sensor_async.py
[2024-12-25T06:09:02.162+0000] {processor.py:925} INFO - DAG(s) 'example_time_delta_sensor_async' retrieved from /workspace/openaq_de_project/airflow-env/lib/python3.12/site-packages/airflow/example_dags/example_time_delta_sensor_async.py
[2024-12-25T06:09:02.175+0000] {logging_mixin.py:190} INFO - [2024-12-25T06:09:02.175+0000] {dag.py:3239} INFO - Sync 1 DAGs
[2024-12-25T06:09:02.187+0000] {logging_mixin.py:190} INFO - [2024-12-25T06:09:02.187+0000] {dag.py:4180} INFO - Setting next_dagrun for example_time_delta_sensor_async to None, run_after=None
[2024-12-25T06:09:02.202+0000] {processor.py:208} INFO - Processing /workspace/openaq_de_project/airflow-env/lib/python3.12/site-packages/airflow/example_dags/example_time_delta_sensor_async.py took 0.055 seconds
[2024-12-25T06:09:54.975+0000] {processor.py:186} INFO - Started process (PID=9557) to work on /workspace/openaq_de_project/airflow-env/lib/python3.12/site-packages/airflow/example_dags/example_time_delta_sensor_async.py
[2024-12-25T06:09:54.976+0000] {processor.py:914} INFO - Processing file /workspace/openaq_de_project/airflow-env/lib/python3.12/site-packages/airflow/example_dags/example_time_delta_sensor_async.py for tasks to queue
[2024-12-25T06:09:54.978+0000] {logging_mixin.py:190} INFO - [2024-12-25T06:09:54.977+0000] {dagbag.py:588} INFO - Filling up the DagBag from /workspace/openaq_de_project/airflow-env/lib/python3.12/site-packages/airflow/example_dags/example_time_delta_sensor_async.py
[2024-12-25T06:09:54.984+0000] {processor.py:925} INFO - DAG(s) 'example_time_delta_sensor_async' retrieved from /workspace/openaq_de_project/airflow-env/lib/python3.12/site-packages/airflow/example_dags/example_time_delta_sensor_async.py
[2024-12-25T06:09:54.997+0000] {logging_mixin.py:190} INFO - [2024-12-25T06:09:54.997+0000] {dag.py:3239} INFO - Sync 1 DAGs
[2024-12-25T06:09:55.009+0000] {logging_mixin.py:190} INFO - [2024-12-25T06:09:55.009+0000] {dag.py:4180} INFO - Setting next_dagrun for example_time_delta_sensor_async to None, run_after=None
[2024-12-25T06:09:55.029+0000] {processor.py:208} INFO - Processing /workspace/openaq_de_project/airflow-env/lib/python3.12/site-packages/airflow/example_dags/example_time_delta_sensor_async.py took 0.059 seconds
[2024-12-25T06:10:45.660+0000] {processor.py:186} INFO - Started process (PID=9639) to work on /workspace/openaq_de_project/airflow-env/lib/python3.12/site-packages/airflow/example_dags/example_time_delta_sensor_async.py
[2024-12-25T06:10:45.661+0000] {processor.py:914} INFO - Processing file /workspace/openaq_de_project/airflow-env/lib/python3.12/site-packages/airflow/example_dags/example_time_delta_sensor_async.py for tasks to queue
[2024-12-25T06:10:45.662+0000] {logging_mixin.py:190} INFO - [2024-12-25T06:10:45.662+0000] {dagbag.py:588} INFO - Filling up the DagBag from /workspace/openaq_de_project/airflow-env/lib/python3.12/site-packages/airflow/example_dags/example_time_delta_sensor_async.py
[2024-12-25T06:10:45.669+0000] {processor.py:925} INFO - DAG(s) 'example_time_delta_sensor_async' retrieved from /workspace/openaq_de_project/airflow-env/lib/python3.12/site-packages/airflow/example_dags/example_time_delta_sensor_async.py
[2024-12-25T06:10:45.681+0000] {logging_mixin.py:190} INFO - [2024-12-25T06:10:45.681+0000] {dag.py:3239} INFO - Sync 1 DAGs
[2024-12-25T06:10:45.692+0000] {logging_mixin.py:190} INFO - [2024-12-25T06:10:45.692+0000] {dag.py:4180} INFO - Setting next_dagrun for example_time_delta_sensor_async to None, run_after=None
[2024-12-25T06:10:45.708+0000] {processor.py:208} INFO - Processing /workspace/openaq_de_project/airflow-env/lib/python3.12/site-packages/airflow/example_dags/example_time_delta_sensor_async.py took 0.053 seconds
[2024-12-25T06:11:34.340+0000] {processor.py:186} INFO - Started process (PID=9786) to work on /workspace/openaq_de_project/airflow-env/lib/python3.12/site-packages/airflow/example_dags/example_time_delta_sensor_async.py
[2024-12-25T06:11:34.341+0000] {processor.py:914} INFO - Processing file /workspace/openaq_de_project/airflow-env/lib/python3.12/site-packages/airflow/example_dags/example_time_delta_sensor_async.py for tasks to queue
[2024-12-25T06:11:34.342+0000] {logging_mixin.py:190} INFO - [2024-12-25T06:11:34.342+0000] {dagbag.py:588} INFO - Filling up the DagBag from /workspace/openaq_de_project/airflow-env/lib/python3.12/site-packages/airflow/example_dags/example_time_delta_sensor_async.py
[2024-12-25T06:11:34.349+0000] {processor.py:925} INFO - DAG(s) 'example_time_delta_sensor_async' retrieved from /workspace/openaq_de_project/airflow-env/lib/python3.12/site-packages/airflow/example_dags/example_time_delta_sensor_async.py
[2024-12-25T06:11:34.361+0000] {logging_mixin.py:190} INFO - [2024-12-25T06:11:34.361+0000] {dag.py:3239} INFO - Sync 1 DAGs
[2024-12-25T06:11:34.372+0000] {logging_mixin.py:190} INFO - [2024-12-25T06:11:34.372+0000] {dag.py:4180} INFO - Setting next_dagrun for example_time_delta_sensor_async to None, run_after=None
[2024-12-25T06:11:34.387+0000] {processor.py:208} INFO - Processing /workspace/openaq_de_project/airflow-env/lib/python3.12/site-packages/airflow/example_dags/example_time_delta_sensor_async.py took 0.052 seconds
[2024-12-25T06:12:27.106+0000] {processor.py:186} INFO - Started process (PID=10037) to work on /workspace/openaq_de_project/airflow-env/lib/python3.12/site-packages/airflow/example_dags/example_time_delta_sensor_async.py
[2024-12-25T06:12:27.107+0000] {processor.py:914} INFO - Processing file /workspace/openaq_de_project/airflow-env/lib/python3.12/site-packages/airflow/example_dags/example_time_delta_sensor_async.py for tasks to queue
[2024-12-25T06:12:27.109+0000] {logging_mixin.py:190} INFO - [2024-12-25T06:12:27.108+0000] {dagbag.py:588} INFO - Filling up the DagBag from /workspace/openaq_de_project/airflow-env/lib/python3.12/site-packages/airflow/example_dags/example_time_delta_sensor_async.py
[2024-12-25T06:12:27.116+0000] {processor.py:925} INFO - DAG(s) 'example_time_delta_sensor_async' retrieved from /workspace/openaq_de_project/airflow-env/lib/python3.12/site-packages/airflow/example_dags/example_time_delta_sensor_async.py
[2024-12-25T06:12:27.128+0000] {logging_mixin.py:190} INFO - [2024-12-25T06:12:27.128+0000] {dag.py:3239} INFO - Sync 1 DAGs
[2024-12-25T06:12:27.140+0000] {logging_mixin.py:190} INFO - [2024-12-25T06:12:27.140+0000] {dag.py:4180} INFO - Setting next_dagrun for example_time_delta_sensor_async to None, run_after=None
[2024-12-25T06:12:27.156+0000] {processor.py:208} INFO - Processing /workspace/openaq_de_project/airflow-env/lib/python3.12/site-packages/airflow/example_dags/example_time_delta_sensor_async.py took 0.055 seconds
[2024-12-25T06:13:17.789+0000] {processor.py:186} INFO - Started process (PID=10242) to work on /workspace/openaq_de_project/airflow-env/lib/python3.12/site-packages/airflow/example_dags/example_time_delta_sensor_async.py
[2024-12-25T06:13:17.790+0000] {processor.py:914} INFO - Processing file /workspace/openaq_de_project/airflow-env/lib/python3.12/site-packages/airflow/example_dags/example_time_delta_sensor_async.py for tasks to queue
[2024-12-25T06:13:17.792+0000] {logging_mixin.py:190} INFO - [2024-12-25T06:13:17.792+0000] {dagbag.py:588} INFO - Filling up the DagBag from /workspace/openaq_de_project/airflow-env/lib/python3.12/site-packages/airflow/example_dags/example_time_delta_sensor_async.py
[2024-12-25T06:13:17.798+0000] {processor.py:925} INFO - DAG(s) 'example_time_delta_sensor_async' retrieved from /workspace/openaq_de_project/airflow-env/lib/python3.12/site-packages/airflow/example_dags/example_time_delta_sensor_async.py
[2024-12-25T06:13:17.811+0000] {logging_mixin.py:190} INFO - [2024-12-25T06:13:17.811+0000] {dag.py:3239} INFO - Sync 1 DAGs
[2024-12-25T06:13:17.822+0000] {logging_mixin.py:190} INFO - [2024-12-25T06:13:17.822+0000] {dag.py:4180} INFO - Setting next_dagrun for example_time_delta_sensor_async to None, run_after=None
[2024-12-25T06:13:17.837+0000] {processor.py:208} INFO - Processing /workspace/openaq_de_project/airflow-env/lib/python3.12/site-packages/airflow/example_dags/example_time_delta_sensor_async.py took 0.053 seconds
[2024-12-25T06:14:08.406+0000] {processor.py:186} INFO - Started process (PID=10473) to work on /workspace/openaq_de_project/airflow-env/lib/python3.12/site-packages/airflow/example_dags/example_time_delta_sensor_async.py
[2024-12-25T06:14:08.407+0000] {processor.py:914} INFO - Processing file /workspace/openaq_de_project/airflow-env/lib/python3.12/site-packages/airflow/example_dags/example_time_delta_sensor_async.py for tasks to queue
[2024-12-25T06:14:08.408+0000] {logging_mixin.py:190} INFO - [2024-12-25T06:14:08.408+0000] {dagbag.py:588} INFO - Filling up the DagBag from /workspace/openaq_de_project/airflow-env/lib/python3.12/site-packages/airflow/example_dags/example_time_delta_sensor_async.py
[2024-12-25T06:14:08.415+0000] {processor.py:925} INFO - DAG(s) 'example_time_delta_sensor_async' retrieved from /workspace/openaq_de_project/airflow-env/lib/python3.12/site-packages/airflow/example_dags/example_time_delta_sensor_async.py
[2024-12-25T06:14:08.427+0000] {logging_mixin.py:190} INFO - [2024-12-25T06:14:08.427+0000] {dag.py:3239} INFO - Sync 1 DAGs
[2024-12-25T06:14:08.439+0000] {logging_mixin.py:190} INFO - [2024-12-25T06:14:08.439+0000] {dag.py:4180} INFO - Setting next_dagrun for example_time_delta_sensor_async to None, run_after=None
[2024-12-25T06:14:08.454+0000] {processor.py:208} INFO - Processing /workspace/openaq_de_project/airflow-env/lib/python3.12/site-packages/airflow/example_dags/example_time_delta_sensor_async.py took 0.053 seconds
[2024-12-25T06:14:55.698+0000] {processor.py:186} INFO - Started process (PID=10689) to work on /workspace/openaq_de_project/airflow-env/lib/python3.12/site-packages/airflow/example_dags/example_time_delta_sensor_async.py
[2024-12-25T06:14:55.699+0000] {processor.py:914} INFO - Processing file /workspace/openaq_de_project/airflow-env/lib/python3.12/site-packages/airflow/example_dags/example_time_delta_sensor_async.py for tasks to queue
[2024-12-25T06:14:55.701+0000] {logging_mixin.py:190} INFO - [2024-12-25T06:14:55.701+0000] {dagbag.py:588} INFO - Filling up the DagBag from /workspace/openaq_de_project/airflow-env/lib/python3.12/site-packages/airflow/example_dags/example_time_delta_sensor_async.py
[2024-12-25T06:14:55.707+0000] {processor.py:925} INFO - DAG(s) 'example_time_delta_sensor_async' retrieved from /workspace/openaq_de_project/airflow-env/lib/python3.12/site-packages/airflow/example_dags/example_time_delta_sensor_async.py
[2024-12-25T06:14:55.720+0000] {logging_mixin.py:190} INFO - [2024-12-25T06:14:55.720+0000] {dag.py:3239} INFO - Sync 1 DAGs
[2024-12-25T06:14:55.731+0000] {logging_mixin.py:190} INFO - [2024-12-25T06:14:55.731+0000] {dag.py:4180} INFO - Setting next_dagrun for example_time_delta_sensor_async to None, run_after=None
[2024-12-25T06:14:55.746+0000] {processor.py:208} INFO - Processing /workspace/openaq_de_project/airflow-env/lib/python3.12/site-packages/airflow/example_dags/example_time_delta_sensor_async.py took 0.052 seconds
[2024-12-25T06:15:49.334+0000] {processor.py:186} INFO - Started process (PID=10869) to work on /workspace/openaq_de_project/airflow-env/lib/python3.12/site-packages/airflow/example_dags/example_time_delta_sensor_async.py
[2024-12-25T06:15:49.335+0000] {processor.py:914} INFO - Processing file /workspace/openaq_de_project/airflow-env/lib/python3.12/site-packages/airflow/example_dags/example_time_delta_sensor_async.py for tasks to queue
[2024-12-25T06:15:49.337+0000] {logging_mixin.py:190} INFO - [2024-12-25T06:15:49.337+0000] {dagbag.py:588} INFO - Filling up the DagBag from /workspace/openaq_de_project/airflow-env/lib/python3.12/site-packages/airflow/example_dags/example_time_delta_sensor_async.py
[2024-12-25T06:15:49.344+0000] {processor.py:925} INFO - DAG(s) 'example_time_delta_sensor_async' retrieved from /workspace/openaq_de_project/airflow-env/lib/python3.12/site-packages/airflow/example_dags/example_time_delta_sensor_async.py
[2024-12-25T06:15:49.357+0000] {logging_mixin.py:190} INFO - [2024-12-25T06:15:49.357+0000] {dag.py:3239} INFO - Sync 1 DAGs
[2024-12-25T06:15:49.369+0000] {logging_mixin.py:190} INFO - [2024-12-25T06:15:49.368+0000] {dag.py:4180} INFO - Setting next_dagrun for example_time_delta_sensor_async to None, run_after=None
[2024-12-25T06:15:49.385+0000] {processor.py:208} INFO - Processing /workspace/openaq_de_project/airflow-env/lib/python3.12/site-packages/airflow/example_dags/example_time_delta_sensor_async.py took 0.056 seconds
[2024-12-25T06:16:40.320+0000] {processor.py:186} INFO - Started process (PID=11098) to work on /workspace/openaq_de_project/airflow-env/lib/python3.12/site-packages/airflow/example_dags/example_time_delta_sensor_async.py
[2024-12-25T06:16:40.321+0000] {processor.py:914} INFO - Processing file /workspace/openaq_de_project/airflow-env/lib/python3.12/site-packages/airflow/example_dags/example_time_delta_sensor_async.py for tasks to queue
[2024-12-25T06:16:40.323+0000] {logging_mixin.py:190} INFO - [2024-12-25T06:16:40.323+0000] {dagbag.py:588} INFO - Filling up the DagBag from /workspace/openaq_de_project/airflow-env/lib/python3.12/site-packages/airflow/example_dags/example_time_delta_sensor_async.py
[2024-12-25T06:16:40.330+0000] {processor.py:925} INFO - DAG(s) 'example_time_delta_sensor_async' retrieved from /workspace/openaq_de_project/airflow-env/lib/python3.12/site-packages/airflow/example_dags/example_time_delta_sensor_async.py
[2024-12-25T06:16:40.343+0000] {logging_mixin.py:190} INFO - [2024-12-25T06:16:40.343+0000] {dag.py:3239} INFO - Sync 1 DAGs
[2024-12-25T06:16:40.355+0000] {logging_mixin.py:190} INFO - [2024-12-25T06:16:40.354+0000] {dag.py:4180} INFO - Setting next_dagrun for example_time_delta_sensor_async to None, run_after=None
[2024-12-25T06:16:40.371+0000] {processor.py:208} INFO - Processing /workspace/openaq_de_project/airflow-env/lib/python3.12/site-packages/airflow/example_dags/example_time_delta_sensor_async.py took 0.056 seconds
[2024-12-25T06:17:33.287+0000] {processor.py:186} INFO - Started process (PID=11271) to work on /workspace/openaq_de_project/airflow-env/lib/python3.12/site-packages/airflow/example_dags/example_time_delta_sensor_async.py
[2024-12-25T06:17:33.288+0000] {processor.py:914} INFO - Processing file /workspace/openaq_de_project/airflow-env/lib/python3.12/site-packages/airflow/example_dags/example_time_delta_sensor_async.py for tasks to queue
[2024-12-25T06:17:33.290+0000] {logging_mixin.py:190} INFO - [2024-12-25T06:17:33.290+0000] {dagbag.py:588} INFO - Filling up the DagBag from /workspace/openaq_de_project/airflow-env/lib/python3.12/site-packages/airflow/example_dags/example_time_delta_sensor_async.py
[2024-12-25T06:17:33.297+0000] {processor.py:925} INFO - DAG(s) 'example_time_delta_sensor_async' retrieved from /workspace/openaq_de_project/airflow-env/lib/python3.12/site-packages/airflow/example_dags/example_time_delta_sensor_async.py
[2024-12-25T06:17:33.310+0000] {logging_mixin.py:190} INFO - [2024-12-25T06:17:33.310+0000] {dag.py:3239} INFO - Sync 1 DAGs
[2024-12-25T06:17:33.322+0000] {logging_mixin.py:190} INFO - [2024-12-25T06:17:33.321+0000] {dag.py:4180} INFO - Setting next_dagrun for example_time_delta_sensor_async to None, run_after=None
[2024-12-25T06:17:33.337+0000] {processor.py:208} INFO - Processing /workspace/openaq_de_project/airflow-env/lib/python3.12/site-packages/airflow/example_dags/example_time_delta_sensor_async.py took 0.055 seconds
[2024-12-25T06:18:28.741+0000] {processor.py:186} INFO - Started process (PID=11358) to work on /workspace/openaq_de_project/airflow-env/lib/python3.12/site-packages/airflow/example_dags/example_time_delta_sensor_async.py
[2024-12-25T06:18:28.742+0000] {processor.py:914} INFO - Processing file /workspace/openaq_de_project/airflow-env/lib/python3.12/site-packages/airflow/example_dags/example_time_delta_sensor_async.py for tasks to queue
[2024-12-25T06:18:28.745+0000] {logging_mixin.py:190} INFO - [2024-12-25T06:18:28.744+0000] {dagbag.py:588} INFO - Filling up the DagBag from /workspace/openaq_de_project/airflow-env/lib/python3.12/site-packages/airflow/example_dags/example_time_delta_sensor_async.py
[2024-12-25T06:18:28.754+0000] {processor.py:925} INFO - DAG(s) 'example_time_delta_sensor_async' retrieved from /workspace/openaq_de_project/airflow-env/lib/python3.12/site-packages/airflow/example_dags/example_time_delta_sensor_async.py
[2024-12-25T06:18:28.774+0000] {logging_mixin.py:190} INFO - [2024-12-25T06:18:28.774+0000] {dag.py:3239} INFO - Sync 1 DAGs
[2024-12-25T06:18:28.795+0000] {logging_mixin.py:190} INFO - [2024-12-25T06:18:28.795+0000] {dag.py:4180} INFO - Setting next_dagrun for example_time_delta_sensor_async to None, run_after=None
[2024-12-25T06:18:28.823+0000] {processor.py:208} INFO - Processing /workspace/openaq_de_project/airflow-env/lib/python3.12/site-packages/airflow/example_dags/example_time_delta_sensor_async.py took 0.091 seconds
[2024-12-25T06:19:26.076+0000] {processor.py:186} INFO - Started process (PID=11463) to work on /workspace/openaq_de_project/airflow-env/lib/python3.12/site-packages/airflow/example_dags/example_time_delta_sensor_async.py
[2024-12-25T06:19:26.077+0000] {processor.py:914} INFO - Processing file /workspace/openaq_de_project/airflow-env/lib/python3.12/site-packages/airflow/example_dags/example_time_delta_sensor_async.py for tasks to queue
[2024-12-25T06:19:26.079+0000] {logging_mixin.py:190} INFO - [2024-12-25T06:19:26.079+0000] {dagbag.py:588} INFO - Filling up the DagBag from /workspace/openaq_de_project/airflow-env/lib/python3.12/site-packages/airflow/example_dags/example_time_delta_sensor_async.py
[2024-12-25T06:19:26.087+0000] {processor.py:925} INFO - DAG(s) 'example_time_delta_sensor_async' retrieved from /workspace/openaq_de_project/airflow-env/lib/python3.12/site-packages/airflow/example_dags/example_time_delta_sensor_async.py
[2024-12-25T06:19:26.101+0000] {logging_mixin.py:190} INFO - [2024-12-25T06:19:26.101+0000] {dag.py:3239} INFO - Sync 1 DAGs
[2024-12-25T06:19:26.114+0000] {logging_mixin.py:190} INFO - [2024-12-25T06:19:26.114+0000] {dag.py:4180} INFO - Setting next_dagrun for example_time_delta_sensor_async to None, run_after=None
[2024-12-25T06:19:26.131+0000] {processor.py:208} INFO - Processing /workspace/openaq_de_project/airflow-env/lib/python3.12/site-packages/airflow/example_dags/example_time_delta_sensor_async.py took 0.061 seconds
[2024-12-25T06:20:19.968+0000] {processor.py:186} INFO - Started process (PID=11648) to work on /workspace/openaq_de_project/airflow-env/lib/python3.12/site-packages/airflow/example_dags/example_time_delta_sensor_async.py
[2024-12-25T06:20:19.969+0000] {processor.py:914} INFO - Processing file /workspace/openaq_de_project/airflow-env/lib/python3.12/site-packages/airflow/example_dags/example_time_delta_sensor_async.py for tasks to queue
[2024-12-25T06:20:19.970+0000] {logging_mixin.py:190} INFO - [2024-12-25T06:20:19.970+0000] {dagbag.py:588} INFO - Filling up the DagBag from /workspace/openaq_de_project/airflow-env/lib/python3.12/site-packages/airflow/example_dags/example_time_delta_sensor_async.py
[2024-12-25T06:20:19.977+0000] {processor.py:925} INFO - DAG(s) 'example_time_delta_sensor_async' retrieved from /workspace/openaq_de_project/airflow-env/lib/python3.12/site-packages/airflow/example_dags/example_time_delta_sensor_async.py
[2024-12-25T06:20:19.992+0000] {logging_mixin.py:190} INFO - [2024-12-25T06:20:19.991+0000] {dag.py:3239} INFO - Sync 1 DAGs
[2024-12-25T06:20:20.004+0000] {logging_mixin.py:190} INFO - [2024-12-25T06:20:20.003+0000] {dag.py:4180} INFO - Setting next_dagrun for example_time_delta_sensor_async to None, run_after=None
[2024-12-25T06:20:20.021+0000] {processor.py:208} INFO - Processing /workspace/openaq_de_project/airflow-env/lib/python3.12/site-packages/airflow/example_dags/example_time_delta_sensor_async.py took 0.059 seconds
[2024-12-25T06:21:07.277+0000] {processor.py:186} INFO - Started process (PID=11747) to work on /workspace/openaq_de_project/airflow-env/lib/python3.12/site-packages/airflow/example_dags/example_time_delta_sensor_async.py
[2024-12-25T06:21:07.278+0000] {processor.py:914} INFO - Processing file /workspace/openaq_de_project/airflow-env/lib/python3.12/site-packages/airflow/example_dags/example_time_delta_sensor_async.py for tasks to queue
[2024-12-25T06:21:07.280+0000] {logging_mixin.py:190} INFO - [2024-12-25T06:21:07.280+0000] {dagbag.py:588} INFO - Filling up the DagBag from /workspace/openaq_de_project/airflow-env/lib/python3.12/site-packages/airflow/example_dags/example_time_delta_sensor_async.py
[2024-12-25T06:21:07.287+0000] {processor.py:925} INFO - DAG(s) 'example_time_delta_sensor_async' retrieved from /workspace/openaq_de_project/airflow-env/lib/python3.12/site-packages/airflow/example_dags/example_time_delta_sensor_async.py
[2024-12-25T06:21:07.301+0000] {logging_mixin.py:190} INFO - [2024-12-25T06:21:07.301+0000] {dag.py:3239} INFO - Sync 1 DAGs
[2024-12-25T06:21:07.313+0000] {logging_mixin.py:190} INFO - [2024-12-25T06:21:07.313+0000] {dag.py:4180} INFO - Setting next_dagrun for example_time_delta_sensor_async to None, run_after=None
[2024-12-25T06:21:07.329+0000] {processor.py:208} INFO - Processing /workspace/openaq_de_project/airflow-env/lib/python3.12/site-packages/airflow/example_dags/example_time_delta_sensor_async.py took 0.057 seconds
[2024-12-25T06:21:57.576+0000] {processor.py:186} INFO - Started process (PID=12224) to work on /workspace/openaq_de_project/airflow-env/lib/python3.12/site-packages/airflow/example_dags/example_time_delta_sensor_async.py
[2024-12-25T06:21:57.577+0000] {processor.py:914} INFO - Processing file /workspace/openaq_de_project/airflow-env/lib/python3.12/site-packages/airflow/example_dags/example_time_delta_sensor_async.py for tasks to queue
[2024-12-25T06:21:57.579+0000] {logging_mixin.py:190} INFO - [2024-12-25T06:21:57.579+0000] {dagbag.py:588} INFO - Filling up the DagBag from /workspace/openaq_de_project/airflow-env/lib/python3.12/site-packages/airflow/example_dags/example_time_delta_sensor_async.py
[2024-12-25T06:21:57.585+0000] {processor.py:925} INFO - DAG(s) 'example_time_delta_sensor_async' retrieved from /workspace/openaq_de_project/airflow-env/lib/python3.12/site-packages/airflow/example_dags/example_time_delta_sensor_async.py
[2024-12-25T06:21:57.597+0000] {logging_mixin.py:190} INFO - [2024-12-25T06:21:57.597+0000] {dag.py:3239} INFO - Sync 1 DAGs
[2024-12-25T06:21:57.608+0000] {logging_mixin.py:190} INFO - [2024-12-25T06:21:57.608+0000] {dag.py:4180} INFO - Setting next_dagrun for example_time_delta_sensor_async to None, run_after=None
[2024-12-25T06:21:57.624+0000] {processor.py:208} INFO - Processing /workspace/openaq_de_project/airflow-env/lib/python3.12/site-packages/airflow/example_dags/example_time_delta_sensor_async.py took 0.053 seconds
[2024-12-25T06:22:47.042+0000] {processor.py:186} INFO - Started process (PID=12356) to work on /workspace/openaq_de_project/airflow-env/lib/python3.12/site-packages/airflow/example_dags/example_time_delta_sensor_async.py
[2024-12-25T06:22:47.043+0000] {processor.py:914} INFO - Processing file /workspace/openaq_de_project/airflow-env/lib/python3.12/site-packages/airflow/example_dags/example_time_delta_sensor_async.py for tasks to queue
[2024-12-25T06:22:47.045+0000] {logging_mixin.py:190} INFO - [2024-12-25T06:22:47.044+0000] {dagbag.py:588} INFO - Filling up the DagBag from /workspace/openaq_de_project/airflow-env/lib/python3.12/site-packages/airflow/example_dags/example_time_delta_sensor_async.py
[2024-12-25T06:22:47.051+0000] {processor.py:925} INFO - DAG(s) 'example_time_delta_sensor_async' retrieved from /workspace/openaq_de_project/airflow-env/lib/python3.12/site-packages/airflow/example_dags/example_time_delta_sensor_async.py
[2024-12-25T06:22:47.065+0000] {logging_mixin.py:190} INFO - [2024-12-25T06:22:47.065+0000] {dag.py:3239} INFO - Sync 1 DAGs
[2024-12-25T06:22:47.076+0000] {logging_mixin.py:190} INFO - [2024-12-25T06:22:47.076+0000] {dag.py:4180} INFO - Setting next_dagrun for example_time_delta_sensor_async to None, run_after=None
[2024-12-25T06:22:47.092+0000] {processor.py:208} INFO - Processing /workspace/openaq_de_project/airflow-env/lib/python3.12/site-packages/airflow/example_dags/example_time_delta_sensor_async.py took 0.056 seconds
[2024-12-25T06:23:36.464+0000] {processor.py:186} INFO - Started process (PID=12463) to work on /workspace/openaq_de_project/airflow-env/lib/python3.12/site-packages/airflow/example_dags/example_time_delta_sensor_async.py
[2024-12-25T06:23:36.465+0000] {processor.py:914} INFO - Processing file /workspace/openaq_de_project/airflow-env/lib/python3.12/site-packages/airflow/example_dags/example_time_delta_sensor_async.py for tasks to queue
[2024-12-25T06:23:36.467+0000] {logging_mixin.py:190} INFO - [2024-12-25T06:23:36.467+0000] {dagbag.py:588} INFO - Filling up the DagBag from /workspace/openaq_de_project/airflow-env/lib/python3.12/site-packages/airflow/example_dags/example_time_delta_sensor_async.py
[2024-12-25T06:23:36.474+0000] {processor.py:925} INFO - DAG(s) 'example_time_delta_sensor_async' retrieved from /workspace/openaq_de_project/airflow-env/lib/python3.12/site-packages/airflow/example_dags/example_time_delta_sensor_async.py
[2024-12-25T06:23:36.488+0000] {logging_mixin.py:190} INFO - [2024-12-25T06:23:36.488+0000] {dag.py:3239} INFO - Sync 1 DAGs
[2024-12-25T06:23:36.502+0000] {logging_mixin.py:190} INFO - [2024-12-25T06:23:36.502+0000] {dag.py:4180} INFO - Setting next_dagrun for example_time_delta_sensor_async to None, run_after=None
[2024-12-25T06:23:36.518+0000] {processor.py:208} INFO - Processing /workspace/openaq_de_project/airflow-env/lib/python3.12/site-packages/airflow/example_dags/example_time_delta_sensor_async.py took 0.059 seconds
[2024-12-25T06:24:28.296+0000] {processor.py:186} INFO - Started process (PID=12611) to work on /workspace/openaq_de_project/airflow-env/lib/python3.12/site-packages/airflow/example_dags/example_time_delta_sensor_async.py
[2024-12-25T06:24:28.297+0000] {processor.py:914} INFO - Processing file /workspace/openaq_de_project/airflow-env/lib/python3.12/site-packages/airflow/example_dags/example_time_delta_sensor_async.py for tasks to queue
[2024-12-25T06:24:28.299+0000] {logging_mixin.py:190} INFO - [2024-12-25T06:24:28.299+0000] {dagbag.py:588} INFO - Filling up the DagBag from /workspace/openaq_de_project/airflow-env/lib/python3.12/site-packages/airflow/example_dags/example_time_delta_sensor_async.py
[2024-12-25T06:24:28.305+0000] {processor.py:925} INFO - DAG(s) 'example_time_delta_sensor_async' retrieved from /workspace/openaq_de_project/airflow-env/lib/python3.12/site-packages/airflow/example_dags/example_time_delta_sensor_async.py
[2024-12-25T06:24:28.319+0000] {logging_mixin.py:190} INFO - [2024-12-25T06:24:28.318+0000] {dag.py:3239} INFO - Sync 1 DAGs
[2024-12-25T06:24:28.330+0000] {logging_mixin.py:190} INFO - [2024-12-25T06:24:28.330+0000] {dag.py:4180} INFO - Setting next_dagrun for example_time_delta_sensor_async to None, run_after=None
[2024-12-25T06:24:28.346+0000] {processor.py:208} INFO - Processing /workspace/openaq_de_project/airflow-env/lib/python3.12/site-packages/airflow/example_dags/example_time_delta_sensor_async.py took 0.055 seconds
[2024-12-25T06:25:17.821+0000] {processor.py:186} INFO - Started process (PID=12807) to work on /workspace/openaq_de_project/airflow-env/lib/python3.12/site-packages/airflow/example_dags/example_time_delta_sensor_async.py
[2024-12-25T06:25:17.822+0000] {processor.py:914} INFO - Processing file /workspace/openaq_de_project/airflow-env/lib/python3.12/site-packages/airflow/example_dags/example_time_delta_sensor_async.py for tasks to queue
[2024-12-25T06:25:17.824+0000] {logging_mixin.py:190} INFO - [2024-12-25T06:25:17.823+0000] {dagbag.py:588} INFO - Filling up the DagBag from /workspace/openaq_de_project/airflow-env/lib/python3.12/site-packages/airflow/example_dags/example_time_delta_sensor_async.py
[2024-12-25T06:25:17.831+0000] {processor.py:925} INFO - DAG(s) 'example_time_delta_sensor_async' retrieved from /workspace/openaq_de_project/airflow-env/lib/python3.12/site-packages/airflow/example_dags/example_time_delta_sensor_async.py
[2024-12-25T06:25:17.843+0000] {logging_mixin.py:190} INFO - [2024-12-25T06:25:17.843+0000] {dag.py:3239} INFO - Sync 1 DAGs
[2024-12-25T06:25:17.855+0000] {logging_mixin.py:190} INFO - [2024-12-25T06:25:17.854+0000] {dag.py:4180} INFO - Setting next_dagrun for example_time_delta_sensor_async to None, run_after=None
[2024-12-25T06:25:17.870+0000] {processor.py:208} INFO - Processing /workspace/openaq_de_project/airflow-env/lib/python3.12/site-packages/airflow/example_dags/example_time_delta_sensor_async.py took 0.054 seconds
[2024-12-25T06:26:07.872+0000] {processor.py:186} INFO - Started process (PID=12947) to work on /workspace/openaq_de_project/airflow-env/lib/python3.12/site-packages/airflow/example_dags/example_time_delta_sensor_async.py
[2024-12-25T06:26:07.873+0000] {processor.py:914} INFO - Processing file /workspace/openaq_de_project/airflow-env/lib/python3.12/site-packages/airflow/example_dags/example_time_delta_sensor_async.py for tasks to queue
[2024-12-25T06:26:07.874+0000] {logging_mixin.py:190} INFO - [2024-12-25T06:26:07.874+0000] {dagbag.py:588} INFO - Filling up the DagBag from /workspace/openaq_de_project/airflow-env/lib/python3.12/site-packages/airflow/example_dags/example_time_delta_sensor_async.py
[2024-12-25T06:26:07.881+0000] {processor.py:925} INFO - DAG(s) 'example_time_delta_sensor_async' retrieved from /workspace/openaq_de_project/airflow-env/lib/python3.12/site-packages/airflow/example_dags/example_time_delta_sensor_async.py
[2024-12-25T06:26:07.893+0000] {logging_mixin.py:190} INFO - [2024-12-25T06:26:07.893+0000] {dag.py:3239} INFO - Sync 1 DAGs
[2024-12-25T06:26:07.905+0000] {logging_mixin.py:190} INFO - [2024-12-25T06:26:07.905+0000] {dag.py:4180} INFO - Setting next_dagrun for example_time_delta_sensor_async to None, run_after=None
[2024-12-25T06:26:07.919+0000] {processor.py:208} INFO - Processing /workspace/openaq_de_project/airflow-env/lib/python3.12/site-packages/airflow/example_dags/example_time_delta_sensor_async.py took 0.052 seconds
[2024-12-25T06:26:57.213+0000] {processor.py:186} INFO - Started process (PID=13055) to work on /workspace/openaq_de_project/airflow-env/lib/python3.12/site-packages/airflow/example_dags/example_time_delta_sensor_async.py
[2024-12-25T06:26:57.214+0000] {processor.py:914} INFO - Processing file /workspace/openaq_de_project/airflow-env/lib/python3.12/site-packages/airflow/example_dags/example_time_delta_sensor_async.py for tasks to queue
[2024-12-25T06:26:57.216+0000] {logging_mixin.py:190} INFO - [2024-12-25T06:26:57.216+0000] {dagbag.py:588} INFO - Filling up the DagBag from /workspace/openaq_de_project/airflow-env/lib/python3.12/site-packages/airflow/example_dags/example_time_delta_sensor_async.py
[2024-12-25T06:26:57.222+0000] {processor.py:925} INFO - DAG(s) 'example_time_delta_sensor_async' retrieved from /workspace/openaq_de_project/airflow-env/lib/python3.12/site-packages/airflow/example_dags/example_time_delta_sensor_async.py
[2024-12-25T06:26:57.235+0000] {logging_mixin.py:190} INFO - [2024-12-25T06:26:57.234+0000] {dag.py:3239} INFO - Sync 1 DAGs
[2024-12-25T06:26:57.245+0000] {logging_mixin.py:190} INFO - [2024-12-25T06:26:57.245+0000] {dag.py:4180} INFO - Setting next_dagrun for example_time_delta_sensor_async to None, run_after=None
[2024-12-25T06:26:57.260+0000] {processor.py:208} INFO - Processing /workspace/openaq_de_project/airflow-env/lib/python3.12/site-packages/airflow/example_dags/example_time_delta_sensor_async.py took 0.053 seconds
[2024-12-25T06:27:49.507+0000] {processor.py:186} INFO - Started process (PID=13162) to work on /workspace/openaq_de_project/airflow-env/lib/python3.12/site-packages/airflow/example_dags/example_time_delta_sensor_async.py
[2024-12-25T06:27:49.508+0000] {processor.py:914} INFO - Processing file /workspace/openaq_de_project/airflow-env/lib/python3.12/site-packages/airflow/example_dags/example_time_delta_sensor_async.py for tasks to queue
[2024-12-25T06:27:49.509+0000] {logging_mixin.py:190} INFO - [2024-12-25T06:27:49.509+0000] {dagbag.py:588} INFO - Filling up the DagBag from /workspace/openaq_de_project/airflow-env/lib/python3.12/site-packages/airflow/example_dags/example_time_delta_sensor_async.py
[2024-12-25T06:27:49.515+0000] {processor.py:925} INFO - DAG(s) 'example_time_delta_sensor_async' retrieved from /workspace/openaq_de_project/airflow-env/lib/python3.12/site-packages/airflow/example_dags/example_time_delta_sensor_async.py
[2024-12-25T06:27:49.528+0000] {logging_mixin.py:190} INFO - [2024-12-25T06:27:49.528+0000] {dag.py:3239} INFO - Sync 1 DAGs
[2024-12-25T06:27:49.541+0000] {logging_mixin.py:190} INFO - [2024-12-25T06:27:49.541+0000] {dag.py:4180} INFO - Setting next_dagrun for example_time_delta_sensor_async to None, run_after=None
[2024-12-25T06:27:49.557+0000] {processor.py:208} INFO - Processing /workspace/openaq_de_project/airflow-env/lib/python3.12/site-packages/airflow/example_dags/example_time_delta_sensor_async.py took 0.055 seconds
[2024-12-25T06:28:43.368+0000] {processor.py:186} INFO - Started process (PID=13280) to work on /workspace/openaq_de_project/airflow-env/lib/python3.12/site-packages/airflow/example_dags/example_time_delta_sensor_async.py
[2024-12-25T06:28:43.369+0000] {processor.py:914} INFO - Processing file /workspace/openaq_de_project/airflow-env/lib/python3.12/site-packages/airflow/example_dags/example_time_delta_sensor_async.py for tasks to queue
[2024-12-25T06:28:43.371+0000] {logging_mixin.py:190} INFO - [2024-12-25T06:28:43.371+0000] {dagbag.py:588} INFO - Filling up the DagBag from /workspace/openaq_de_project/airflow-env/lib/python3.12/site-packages/airflow/example_dags/example_time_delta_sensor_async.py
[2024-12-25T06:28:43.381+0000] {processor.py:925} INFO - DAG(s) 'example_time_delta_sensor_async' retrieved from /workspace/openaq_de_project/airflow-env/lib/python3.12/site-packages/airflow/example_dags/example_time_delta_sensor_async.py
[2024-12-25T06:28:43.404+0000] {logging_mixin.py:190} INFO - [2024-12-25T06:28:43.404+0000] {dag.py:3239} INFO - Sync 1 DAGs
[2024-12-25T06:28:43.426+0000] {logging_mixin.py:190} INFO - [2024-12-25T06:28:43.425+0000] {dag.py:4180} INFO - Setting next_dagrun for example_time_delta_sensor_async to None, run_after=None
[2024-12-25T06:28:43.457+0000] {processor.py:208} INFO - Processing /workspace/openaq_de_project/airflow-env/lib/python3.12/site-packages/airflow/example_dags/example_time_delta_sensor_async.py took 0.096 seconds
[2024-12-25T06:29:41.328+0000] {processor.py:186} INFO - Started process (PID=13746) to work on /workspace/openaq_de_project/airflow-env/lib/python3.12/site-packages/airflow/example_dags/example_time_delta_sensor_async.py
[2024-12-25T06:29:41.329+0000] {processor.py:914} INFO - Processing file /workspace/openaq_de_project/airflow-env/lib/python3.12/site-packages/airflow/example_dags/example_time_delta_sensor_async.py for tasks to queue
[2024-12-25T06:29:41.330+0000] {logging_mixin.py:190} INFO - [2024-12-25T06:29:41.330+0000] {dagbag.py:588} INFO - Filling up the DagBag from /workspace/openaq_de_project/airflow-env/lib/python3.12/site-packages/airflow/example_dags/example_time_delta_sensor_async.py
[2024-12-25T06:29:41.337+0000] {processor.py:925} INFO - DAG(s) 'example_time_delta_sensor_async' retrieved from /workspace/openaq_de_project/airflow-env/lib/python3.12/site-packages/airflow/example_dags/example_time_delta_sensor_async.py
[2024-12-25T06:29:41.350+0000] {logging_mixin.py:190} INFO - [2024-12-25T06:29:41.350+0000] {dag.py:3239} INFO - Sync 1 DAGs
[2024-12-25T06:29:41.362+0000] {logging_mixin.py:190} INFO - [2024-12-25T06:29:41.362+0000] {dag.py:4180} INFO - Setting next_dagrun for example_time_delta_sensor_async to None, run_after=None
[2024-12-25T06:29:41.380+0000] {processor.py:208} INFO - Processing /workspace/openaq_de_project/airflow-env/lib/python3.12/site-packages/airflow/example_dags/example_time_delta_sensor_async.py took 0.057 seconds
[2024-12-25T06:30:30.600+0000] {processor.py:186} INFO - Started process (PID=13940) to work on /workspace/openaq_de_project/airflow-env/lib/python3.12/site-packages/airflow/example_dags/example_time_delta_sensor_async.py
[2024-12-25T06:30:30.601+0000] {processor.py:914} INFO - Processing file /workspace/openaq_de_project/airflow-env/lib/python3.12/site-packages/airflow/example_dags/example_time_delta_sensor_async.py for tasks to queue
[2024-12-25T06:30:30.602+0000] {logging_mixin.py:190} INFO - [2024-12-25T06:30:30.602+0000] {dagbag.py:588} INFO - Filling up the DagBag from /workspace/openaq_de_project/airflow-env/lib/python3.12/site-packages/airflow/example_dags/example_time_delta_sensor_async.py
[2024-12-25T06:30:30.609+0000] {processor.py:925} INFO - DAG(s) 'example_time_delta_sensor_async' retrieved from /workspace/openaq_de_project/airflow-env/lib/python3.12/site-packages/airflow/example_dags/example_time_delta_sensor_async.py
[2024-12-25T06:30:30.622+0000] {logging_mixin.py:190} INFO - [2024-12-25T06:30:30.622+0000] {dag.py:3239} INFO - Sync 1 DAGs
[2024-12-25T06:30:30.635+0000] {logging_mixin.py:190} INFO - [2024-12-25T06:30:30.634+0000] {dag.py:4180} INFO - Setting next_dagrun for example_time_delta_sensor_async to None, run_after=None
[2024-12-25T06:30:30.650+0000] {processor.py:208} INFO - Processing /workspace/openaq_de_project/airflow-env/lib/python3.12/site-packages/airflow/example_dags/example_time_delta_sensor_async.py took 0.055 seconds
[2024-12-25T06:31:20.239+0000] {processor.py:186} INFO - Started process (PID=14108) to work on /workspace/openaq_de_project/airflow-env/lib/python3.12/site-packages/airflow/example_dags/example_time_delta_sensor_async.py
[2024-12-25T06:31:20.240+0000] {processor.py:914} INFO - Processing file /workspace/openaq_de_project/airflow-env/lib/python3.12/site-packages/airflow/example_dags/example_time_delta_sensor_async.py for tasks to queue
[2024-12-25T06:31:20.241+0000] {logging_mixin.py:190} INFO - [2024-12-25T06:31:20.241+0000] {dagbag.py:588} INFO - Filling up the DagBag from /workspace/openaq_de_project/airflow-env/lib/python3.12/site-packages/airflow/example_dags/example_time_delta_sensor_async.py
[2024-12-25T06:31:20.247+0000] {processor.py:925} INFO - DAG(s) 'example_time_delta_sensor_async' retrieved from /workspace/openaq_de_project/airflow-env/lib/python3.12/site-packages/airflow/example_dags/example_time_delta_sensor_async.py
[2024-12-25T06:31:20.260+0000] {logging_mixin.py:190} INFO - [2024-12-25T06:31:20.260+0000] {dag.py:3239} INFO - Sync 1 DAGs
[2024-12-25T06:31:20.272+0000] {logging_mixin.py:190} INFO - [2024-12-25T06:31:20.271+0000] {dag.py:4180} INFO - Setting next_dagrun for example_time_delta_sensor_async to None, run_after=None
[2024-12-25T06:31:20.289+0000] {processor.py:208} INFO - Processing /workspace/openaq_de_project/airflow-env/lib/python3.12/site-packages/airflow/example_dags/example_time_delta_sensor_async.py took 0.055 seconds
[2024-12-25T06:32:13.485+0000] {processor.py:186} INFO - Started process (PID=14267) to work on /workspace/openaq_de_project/airflow-env/lib/python3.12/site-packages/airflow/example_dags/example_time_delta_sensor_async.py
[2024-12-25T06:32:13.486+0000] {processor.py:914} INFO - Processing file /workspace/openaq_de_project/airflow-env/lib/python3.12/site-packages/airflow/example_dags/example_time_delta_sensor_async.py for tasks to queue
[2024-12-25T06:32:13.488+0000] {logging_mixin.py:190} INFO - [2024-12-25T06:32:13.488+0000] {dagbag.py:588} INFO - Filling up the DagBag from /workspace/openaq_de_project/airflow-env/lib/python3.12/site-packages/airflow/example_dags/example_time_delta_sensor_async.py
[2024-12-25T06:32:13.494+0000] {processor.py:925} INFO - DAG(s) 'example_time_delta_sensor_async' retrieved from /workspace/openaq_de_project/airflow-env/lib/python3.12/site-packages/airflow/example_dags/example_time_delta_sensor_async.py
[2024-12-25T06:32:13.508+0000] {logging_mixin.py:190} INFO - [2024-12-25T06:32:13.507+0000] {dag.py:3239} INFO - Sync 1 DAGs
[2024-12-25T06:32:13.520+0000] {logging_mixin.py:190} INFO - [2024-12-25T06:32:13.520+0000] {dag.py:4180} INFO - Setting next_dagrun for example_time_delta_sensor_async to None, run_after=None
[2024-12-25T06:32:13.538+0000] {processor.py:208} INFO - Processing /workspace/openaq_de_project/airflow-env/lib/python3.12/site-packages/airflow/example_dags/example_time_delta_sensor_async.py took 0.058 seconds
[2024-12-25T06:33:06.876+0000] {processor.py:186} INFO - Started process (PID=14567) to work on /workspace/openaq_de_project/airflow-env/lib/python3.12/site-packages/airflow/example_dags/example_time_delta_sensor_async.py
[2024-12-25T06:33:06.877+0000] {processor.py:914} INFO - Processing file /workspace/openaq_de_project/airflow-env/lib/python3.12/site-packages/airflow/example_dags/example_time_delta_sensor_async.py for tasks to queue
[2024-12-25T06:33:06.879+0000] {logging_mixin.py:190} INFO - [2024-12-25T06:33:06.878+0000] {dagbag.py:588} INFO - Filling up the DagBag from /workspace/openaq_de_project/airflow-env/lib/python3.12/site-packages/airflow/example_dags/example_time_delta_sensor_async.py
[2024-12-25T06:33:06.885+0000] {processor.py:925} INFO - DAG(s) 'example_time_delta_sensor_async' retrieved from /workspace/openaq_de_project/airflow-env/lib/python3.12/site-packages/airflow/example_dags/example_time_delta_sensor_async.py
[2024-12-25T06:33:06.898+0000] {logging_mixin.py:190} INFO - [2024-12-25T06:33:06.897+0000] {dag.py:3239} INFO - Sync 1 DAGs
[2024-12-25T06:33:06.909+0000] {logging_mixin.py:190} INFO - [2024-12-25T06:33:06.909+0000] {dag.py:4180} INFO - Setting next_dagrun for example_time_delta_sensor_async to None, run_after=None
[2024-12-25T06:33:06.925+0000] {processor.py:208} INFO - Processing /workspace/openaq_de_project/airflow-env/lib/python3.12/site-packages/airflow/example_dags/example_time_delta_sensor_async.py took 0.053 seconds
[2024-12-25T06:34:01.530+0000] {processor.py:186} INFO - Started process (PID=14697) to work on /workspace/openaq_de_project/airflow-env/lib/python3.12/site-packages/airflow/example_dags/example_time_delta_sensor_async.py
[2024-12-25T06:34:01.531+0000] {processor.py:914} INFO - Processing file /workspace/openaq_de_project/airflow-env/lib/python3.12/site-packages/airflow/example_dags/example_time_delta_sensor_async.py for tasks to queue
[2024-12-25T06:34:01.532+0000] {logging_mixin.py:190} INFO - [2024-12-25T06:34:01.532+0000] {dagbag.py:588} INFO - Filling up the DagBag from /workspace/openaq_de_project/airflow-env/lib/python3.12/site-packages/airflow/example_dags/example_time_delta_sensor_async.py
[2024-12-25T06:34:01.539+0000] {processor.py:925} INFO - DAG(s) 'example_time_delta_sensor_async' retrieved from /workspace/openaq_de_project/airflow-env/lib/python3.12/site-packages/airflow/example_dags/example_time_delta_sensor_async.py
[2024-12-25T06:34:01.552+0000] {logging_mixin.py:190} INFO - [2024-12-25T06:34:01.552+0000] {dag.py:3239} INFO - Sync 1 DAGs
[2024-12-25T06:34:01.564+0000] {logging_mixin.py:190} INFO - [2024-12-25T06:34:01.564+0000] {dag.py:4180} INFO - Setting next_dagrun for example_time_delta_sensor_async to None, run_after=None
[2024-12-25T06:34:01.579+0000] {processor.py:208} INFO - Processing /workspace/openaq_de_project/airflow-env/lib/python3.12/site-packages/airflow/example_dags/example_time_delta_sensor_async.py took 0.054 seconds
[2024-12-25T06:34:54.366+0000] {processor.py:186} INFO - Started process (PID=14785) to work on /workspace/openaq_de_project/airflow-env/lib/python3.12/site-packages/airflow/example_dags/example_time_delta_sensor_async.py
[2024-12-25T06:34:54.367+0000] {processor.py:914} INFO - Processing file /workspace/openaq_de_project/airflow-env/lib/python3.12/site-packages/airflow/example_dags/example_time_delta_sensor_async.py for tasks to queue
[2024-12-25T06:34:54.368+0000] {logging_mixin.py:190} INFO - [2024-12-25T06:34:54.367+0000] {dagbag.py:588} INFO - Filling up the DagBag from /workspace/openaq_de_project/airflow-env/lib/python3.12/site-packages/airflow/example_dags/example_time_delta_sensor_async.py
[2024-12-25T06:34:54.374+0000] {processor.py:925} INFO - DAG(s) 'example_time_delta_sensor_async' retrieved from /workspace/openaq_de_project/airflow-env/lib/python3.12/site-packages/airflow/example_dags/example_time_delta_sensor_async.py
[2024-12-25T06:34:54.387+0000] {logging_mixin.py:190} INFO - [2024-12-25T06:34:54.387+0000] {dag.py:3239} INFO - Sync 1 DAGs
[2024-12-25T06:34:54.399+0000] {logging_mixin.py:190} INFO - [2024-12-25T06:34:54.399+0000] {dag.py:4180} INFO - Setting next_dagrun for example_time_delta_sensor_async to None, run_after=None
[2024-12-25T06:34:54.414+0000] {processor.py:208} INFO - Processing /workspace/openaq_de_project/airflow-env/lib/python3.12/site-packages/airflow/example_dags/example_time_delta_sensor_async.py took 0.054 seconds
[2024-12-25T06:35:46.236+0000] {processor.py:186} INFO - Started process (PID=14870) to work on /workspace/openaq_de_project/airflow-env/lib/python3.12/site-packages/airflow/example_dags/example_time_delta_sensor_async.py
[2024-12-25T06:35:46.237+0000] {processor.py:914} INFO - Processing file /workspace/openaq_de_project/airflow-env/lib/python3.12/site-packages/airflow/example_dags/example_time_delta_sensor_async.py for tasks to queue
[2024-12-25T06:35:46.238+0000] {logging_mixin.py:190} INFO - [2024-12-25T06:35:46.238+0000] {dagbag.py:588} INFO - Filling up the DagBag from /workspace/openaq_de_project/airflow-env/lib/python3.12/site-packages/airflow/example_dags/example_time_delta_sensor_async.py
[2024-12-25T06:35:46.244+0000] {processor.py:925} INFO - DAG(s) 'example_time_delta_sensor_async' retrieved from /workspace/openaq_de_project/airflow-env/lib/python3.12/site-packages/airflow/example_dags/example_time_delta_sensor_async.py
[2024-12-25T06:35:46.257+0000] {logging_mixin.py:190} INFO - [2024-12-25T06:35:46.257+0000] {dag.py:3239} INFO - Sync 1 DAGs
[2024-12-25T06:35:46.271+0000] {logging_mixin.py:190} INFO - [2024-12-25T06:35:46.271+0000] {dag.py:4180} INFO - Setting next_dagrun for example_time_delta_sensor_async to None, run_after=None
[2024-12-25T06:35:46.286+0000] {processor.py:208} INFO - Processing /workspace/openaq_de_project/airflow-env/lib/python3.12/site-packages/airflow/example_dags/example_time_delta_sensor_async.py took 0.055 seconds
[2024-12-25T06:36:33.649+0000] {processor.py:186} INFO - Started process (PID=15327) to work on /workspace/openaq_de_project/airflow-env/lib/python3.12/site-packages/airflow/example_dags/example_time_delta_sensor_async.py
[2024-12-25T06:36:33.650+0000] {processor.py:914} INFO - Processing file /workspace/openaq_de_project/airflow-env/lib/python3.12/site-packages/airflow/example_dags/example_time_delta_sensor_async.py for tasks to queue
[2024-12-25T06:36:33.651+0000] {logging_mixin.py:190} INFO - [2024-12-25T06:36:33.650+0000] {dagbag.py:588} INFO - Filling up the DagBag from /workspace/openaq_de_project/airflow-env/lib/python3.12/site-packages/airflow/example_dags/example_time_delta_sensor_async.py
[2024-12-25T06:36:33.657+0000] {processor.py:925} INFO - DAG(s) 'example_time_delta_sensor_async' retrieved from /workspace/openaq_de_project/airflow-env/lib/python3.12/site-packages/airflow/example_dags/example_time_delta_sensor_async.py
[2024-12-25T06:36:33.672+0000] {logging_mixin.py:190} INFO - [2024-12-25T06:36:33.672+0000] {dag.py:3239} INFO - Sync 1 DAGs
[2024-12-25T06:36:33.683+0000] {logging_mixin.py:190} INFO - [2024-12-25T06:36:33.683+0000] {dag.py:4180} INFO - Setting next_dagrun for example_time_delta_sensor_async to None, run_after=None
[2024-12-25T06:36:33.698+0000] {processor.py:208} INFO - Processing /workspace/openaq_de_project/airflow-env/lib/python3.12/site-packages/airflow/example_dags/example_time_delta_sensor_async.py took 0.054 seconds
[2024-12-25T06:37:25.018+0000] {processor.py:186} INFO - Started process (PID=15518) to work on /workspace/openaq_de_project/airflow-env/lib/python3.12/site-packages/airflow/example_dags/example_time_delta_sensor_async.py
[2024-12-25T06:37:25.019+0000] {processor.py:914} INFO - Processing file /workspace/openaq_de_project/airflow-env/lib/python3.12/site-packages/airflow/example_dags/example_time_delta_sensor_async.py for tasks to queue
[2024-12-25T06:37:25.020+0000] {logging_mixin.py:190} INFO - [2024-12-25T06:37:25.020+0000] {dagbag.py:588} INFO - Filling up the DagBag from /workspace/openaq_de_project/airflow-env/lib/python3.12/site-packages/airflow/example_dags/example_time_delta_sensor_async.py
[2024-12-25T06:37:25.027+0000] {processor.py:925} INFO - DAG(s) 'example_time_delta_sensor_async' retrieved from /workspace/openaq_de_project/airflow-env/lib/python3.12/site-packages/airflow/example_dags/example_time_delta_sensor_async.py
[2024-12-25T06:37:25.041+0000] {logging_mixin.py:190} INFO - [2024-12-25T06:37:25.041+0000] {dag.py:3239} INFO - Sync 1 DAGs
[2024-12-25T06:37:25.056+0000] {logging_mixin.py:190} INFO - [2024-12-25T06:37:25.056+0000] {dag.py:4180} INFO - Setting next_dagrun for example_time_delta_sensor_async to None, run_after=None
[2024-12-25T06:37:25.072+0000] {processor.py:208} INFO - Processing /workspace/openaq_de_project/airflow-env/lib/python3.12/site-packages/airflow/example_dags/example_time_delta_sensor_async.py took 0.059 seconds
[2024-12-25T06:38:14.800+0000] {processor.py:186} INFO - Started process (PID=15601) to work on /workspace/openaq_de_project/airflow-env/lib/python3.12/site-packages/airflow/example_dags/example_time_delta_sensor_async.py
[2024-12-25T06:38:14.801+0000] {processor.py:914} INFO - Processing file /workspace/openaq_de_project/airflow-env/lib/python3.12/site-packages/airflow/example_dags/example_time_delta_sensor_async.py for tasks to queue
[2024-12-25T06:38:14.802+0000] {logging_mixin.py:190} INFO - [2024-12-25T06:38:14.801+0000] {dagbag.py:588} INFO - Filling up the DagBag from /workspace/openaq_de_project/airflow-env/lib/python3.12/site-packages/airflow/example_dags/example_time_delta_sensor_async.py
[2024-12-25T06:38:14.808+0000] {processor.py:925} INFO - DAG(s) 'example_time_delta_sensor_async' retrieved from /workspace/openaq_de_project/airflow-env/lib/python3.12/site-packages/airflow/example_dags/example_time_delta_sensor_async.py
[2024-12-25T06:38:14.821+0000] {logging_mixin.py:190} INFO - [2024-12-25T06:38:14.821+0000] {dag.py:3239} INFO - Sync 1 DAGs
[2024-12-25T06:38:14.832+0000] {logging_mixin.py:190} INFO - [2024-12-25T06:38:14.832+0000] {dag.py:4180} INFO - Setting next_dagrun for example_time_delta_sensor_async to None, run_after=None
[2024-12-25T06:38:14.848+0000] {processor.py:208} INFO - Processing /workspace/openaq_de_project/airflow-env/lib/python3.12/site-packages/airflow/example_dags/example_time_delta_sensor_async.py took 0.052 seconds
[2024-12-25T06:39:06.702+0000] {processor.py:186} INFO - Started process (PID=15686) to work on /workspace/openaq_de_project/airflow-env/lib/python3.12/site-packages/airflow/example_dags/example_time_delta_sensor_async.py
[2024-12-25T06:39:06.703+0000] {processor.py:914} INFO - Processing file /workspace/openaq_de_project/airflow-env/lib/python3.12/site-packages/airflow/example_dags/example_time_delta_sensor_async.py for tasks to queue
[2024-12-25T06:39:06.704+0000] {logging_mixin.py:190} INFO - [2024-12-25T06:39:06.703+0000] {dagbag.py:588} INFO - Filling up the DagBag from /workspace/openaq_de_project/airflow-env/lib/python3.12/site-packages/airflow/example_dags/example_time_delta_sensor_async.py
[2024-12-25T06:39:06.710+0000] {processor.py:925} INFO - DAG(s) 'example_time_delta_sensor_async' retrieved from /workspace/openaq_de_project/airflow-env/lib/python3.12/site-packages/airflow/example_dags/example_time_delta_sensor_async.py
[2024-12-25T06:39:06.723+0000] {logging_mixin.py:190} INFO - [2024-12-25T06:39:06.723+0000] {dag.py:3239} INFO - Sync 1 DAGs
[2024-12-25T06:39:06.735+0000] {logging_mixin.py:190} INFO - [2024-12-25T06:39:06.735+0000] {dag.py:4180} INFO - Setting next_dagrun for example_time_delta_sensor_async to None, run_after=None
[2024-12-25T06:39:06.750+0000] {processor.py:208} INFO - Processing /workspace/openaq_de_project/airflow-env/lib/python3.12/site-packages/airflow/example_dags/example_time_delta_sensor_async.py took 0.053 seconds
[2024-12-25T06:39:59.447+0000] {processor.py:186} INFO - Started process (PID=15773) to work on /workspace/openaq_de_project/airflow-env/lib/python3.12/site-packages/airflow/example_dags/example_time_delta_sensor_async.py
[2024-12-25T06:39:59.448+0000] {processor.py:914} INFO - Processing file /workspace/openaq_de_project/airflow-env/lib/python3.12/site-packages/airflow/example_dags/example_time_delta_sensor_async.py for tasks to queue
[2024-12-25T06:39:59.449+0000] {logging_mixin.py:190} INFO - [2024-12-25T06:39:59.449+0000] {dagbag.py:588} INFO - Filling up the DagBag from /workspace/openaq_de_project/airflow-env/lib/python3.12/site-packages/airflow/example_dags/example_time_delta_sensor_async.py
[2024-12-25T06:39:59.456+0000] {processor.py:925} INFO - DAG(s) 'example_time_delta_sensor_async' retrieved from /workspace/openaq_de_project/airflow-env/lib/python3.12/site-packages/airflow/example_dags/example_time_delta_sensor_async.py
[2024-12-25T06:39:59.469+0000] {logging_mixin.py:190} INFO - [2024-12-25T06:39:59.469+0000] {dag.py:3239} INFO - Sync 1 DAGs
[2024-12-25T06:39:59.482+0000] {logging_mixin.py:190} INFO - [2024-12-25T06:39:59.482+0000] {dag.py:4180} INFO - Setting next_dagrun for example_time_delta_sensor_async to None, run_after=None
[2024-12-25T06:39:59.498+0000] {processor.py:208} INFO - Processing /workspace/openaq_de_project/airflow-env/lib/python3.12/site-packages/airflow/example_dags/example_time_delta_sensor_async.py took 0.056 seconds
[2024-12-25T06:41:51.550+0000] {processor.py:186} INFO - Started process (PID=16035) to work on /workspace/openaq_de_project/airflow-env/lib/python3.12/site-packages/airflow/example_dags/example_time_delta_sensor_async.py
[2024-12-25T06:41:51.551+0000] {processor.py:914} INFO - Processing file /workspace/openaq_de_project/airflow-env/lib/python3.12/site-packages/airflow/example_dags/example_time_delta_sensor_async.py for tasks to queue
[2024-12-25T06:41:51.553+0000] {logging_mixin.py:190} INFO - [2024-12-25T06:41:51.552+0000] {dagbag.py:588} INFO - Filling up the DagBag from /workspace/openaq_de_project/airflow-env/lib/python3.12/site-packages/airflow/example_dags/example_time_delta_sensor_async.py
[2024-12-25T06:41:51.559+0000] {processor.py:925} INFO - DAG(s) 'example_time_delta_sensor_async' retrieved from /workspace/openaq_de_project/airflow-env/lib/python3.12/site-packages/airflow/example_dags/example_time_delta_sensor_async.py
[2024-12-25T06:41:51.577+0000] {logging_mixin.py:190} INFO - [2024-12-25T06:41:51.577+0000] {dag.py:3239} INFO - Sync 1 DAGs
[2024-12-25T06:41:51.588+0000] {logging_mixin.py:190} INFO - [2024-12-25T06:41:51.588+0000] {dag.py:4180} INFO - Setting next_dagrun for example_time_delta_sensor_async to None, run_after=None
[2024-12-25T06:41:51.603+0000] {processor.py:208} INFO - Processing /workspace/openaq_de_project/airflow-env/lib/python3.12/site-packages/airflow/example_dags/example_time_delta_sensor_async.py took 0.057 seconds
[2024-12-25T06:42:40.739+0000] {processor.py:186} INFO - Started process (PID=16317) to work on /workspace/openaq_de_project/airflow-env/lib/python3.12/site-packages/airflow/example_dags/example_time_delta_sensor_async.py
[2024-12-25T06:42:40.740+0000] {processor.py:914} INFO - Processing file /workspace/openaq_de_project/airflow-env/lib/python3.12/site-packages/airflow/example_dags/example_time_delta_sensor_async.py for tasks to queue
[2024-12-25T06:42:40.743+0000] {logging_mixin.py:190} INFO - [2024-12-25T06:42:40.742+0000] {dagbag.py:588} INFO - Filling up the DagBag from /workspace/openaq_de_project/airflow-env/lib/python3.12/site-packages/airflow/example_dags/example_time_delta_sensor_async.py
[2024-12-25T06:42:40.749+0000] {processor.py:925} INFO - DAG(s) 'example_time_delta_sensor_async' retrieved from /workspace/openaq_de_project/airflow-env/lib/python3.12/site-packages/airflow/example_dags/example_time_delta_sensor_async.py
[2024-12-25T06:42:40.768+0000] {logging_mixin.py:190} INFO - [2024-12-25T06:42:40.768+0000] {dag.py:3239} INFO - Sync 1 DAGs
[2024-12-25T06:42:40.779+0000] {logging_mixin.py:190} INFO - [2024-12-25T06:42:40.779+0000] {dag.py:4180} INFO - Setting next_dagrun for example_time_delta_sensor_async to None, run_after=None
[2024-12-25T06:42:40.795+0000] {processor.py:208} INFO - Processing /workspace/openaq_de_project/airflow-env/lib/python3.12/site-packages/airflow/example_dags/example_time_delta_sensor_async.py took 0.060 seconds
[2024-12-25T06:50:01.277+0000] {processor.py:186} INFO - Started process (PID=18933) to work on /workspace/openaq_de_project/airflow-env/lib/python3.12/site-packages/airflow/example_dags/example_time_delta_sensor_async.py
[2024-12-25T06:50:01.278+0000] {processor.py:914} INFO - Processing file /workspace/openaq_de_project/airflow-env/lib/python3.12/site-packages/airflow/example_dags/example_time_delta_sensor_async.py for tasks to queue
[2024-12-25T06:50:01.280+0000] {logging_mixin.py:190} INFO - [2024-12-25T06:50:01.279+0000] {dagbag.py:588} INFO - Filling up the DagBag from /workspace/openaq_de_project/airflow-env/lib/python3.12/site-packages/airflow/example_dags/example_time_delta_sensor_async.py
[2024-12-25T06:50:01.286+0000] {processor.py:925} INFO - DAG(s) 'example_time_delta_sensor_async' retrieved from /workspace/openaq_de_project/airflow-env/lib/python3.12/site-packages/airflow/example_dags/example_time_delta_sensor_async.py
[2024-12-25T06:50:01.303+0000] {logging_mixin.py:190} INFO - [2024-12-25T06:50:01.303+0000] {dag.py:3239} INFO - Sync 1 DAGs
[2024-12-25T06:50:01.313+0000] {logging_mixin.py:190} INFO - [2024-12-25T06:50:01.313+0000] {dag.py:4180} INFO - Setting next_dagrun for example_time_delta_sensor_async to None, run_after=None
[2024-12-25T06:50:01.328+0000] {processor.py:208} INFO - Processing /workspace/openaq_de_project/airflow-env/lib/python3.12/site-packages/airflow/example_dags/example_time_delta_sensor_async.py took 0.056 seconds
[2024-12-25T07:15:25.348+0000] {processor.py:186} INFO - Started process (PID=23474) to work on /workspace/openaq_de_project/airflow-env/lib/python3.12/site-packages/airflow/example_dags/example_time_delta_sensor_async.py
[2024-12-25T07:15:25.349+0000] {processor.py:914} INFO - Processing file /workspace/openaq_de_project/airflow-env/lib/python3.12/site-packages/airflow/example_dags/example_time_delta_sensor_async.py for tasks to queue
[2024-12-25T07:15:25.352+0000] {logging_mixin.py:190} INFO - [2024-12-25T07:15:25.351+0000] {dagbag.py:588} INFO - Filling up the DagBag from /workspace/openaq_de_project/airflow-env/lib/python3.12/site-packages/airflow/example_dags/example_time_delta_sensor_async.py
[2024-12-25T07:15:25.358+0000] {processor.py:925} INFO - DAG(s) 'example_time_delta_sensor_async' retrieved from /workspace/openaq_de_project/airflow-env/lib/python3.12/site-packages/airflow/example_dags/example_time_delta_sensor_async.py
[2024-12-25T07:15:25.377+0000] {logging_mixin.py:190} INFO - [2024-12-25T07:15:25.377+0000] {dag.py:3239} INFO - Sync 1 DAGs
[2024-12-25T07:15:25.388+0000] {logging_mixin.py:190} INFO - [2024-12-25T07:15:25.388+0000] {dag.py:4180} INFO - Setting next_dagrun for example_time_delta_sensor_async to None, run_after=None
[2024-12-25T07:15:25.404+0000] {processor.py:208} INFO - Processing /workspace/openaq_de_project/airflow-env/lib/python3.12/site-packages/airflow/example_dags/example_time_delta_sensor_async.py took 0.061 seconds
[2024-12-25T07:16:20.756+0000] {processor.py:186} INFO - Started process (PID=23616) to work on /workspace/openaq_de_project/airflow-env/lib/python3.12/site-packages/airflow/example_dags/example_time_delta_sensor_async.py
[2024-12-25T07:16:20.757+0000] {processor.py:914} INFO - Processing file /workspace/openaq_de_project/airflow-env/lib/python3.12/site-packages/airflow/example_dags/example_time_delta_sensor_async.py for tasks to queue
[2024-12-25T07:16:20.759+0000] {logging_mixin.py:190} INFO - [2024-12-25T07:16:20.759+0000] {dagbag.py:588} INFO - Filling up the DagBag from /workspace/openaq_de_project/airflow-env/lib/python3.12/site-packages/airflow/example_dags/example_time_delta_sensor_async.py
[2024-12-25T07:16:20.765+0000] {processor.py:925} INFO - DAG(s) 'example_time_delta_sensor_async' retrieved from /workspace/openaq_de_project/airflow-env/lib/python3.12/site-packages/airflow/example_dags/example_time_delta_sensor_async.py
[2024-12-25T07:16:20.778+0000] {logging_mixin.py:190} INFO - [2024-12-25T07:16:20.778+0000] {dag.py:3239} INFO - Sync 1 DAGs
[2024-12-25T07:16:20.790+0000] {logging_mixin.py:190} INFO - [2024-12-25T07:16:20.789+0000] {dag.py:4180} INFO - Setting next_dagrun for example_time_delta_sensor_async to None, run_after=None
[2024-12-25T07:16:20.807+0000] {processor.py:208} INFO - Processing /workspace/openaq_de_project/airflow-env/lib/python3.12/site-packages/airflow/example_dags/example_time_delta_sensor_async.py took 0.056 seconds
[2024-12-25T07:17:12.852+0000] {processor.py:186} INFO - Started process (PID=23801) to work on /workspace/openaq_de_project/airflow-env/lib/python3.12/site-packages/airflow/example_dags/example_time_delta_sensor_async.py
[2024-12-25T07:17:12.853+0000] {processor.py:914} INFO - Processing file /workspace/openaq_de_project/airflow-env/lib/python3.12/site-packages/airflow/example_dags/example_time_delta_sensor_async.py for tasks to queue
[2024-12-25T07:17:12.855+0000] {logging_mixin.py:190} INFO - [2024-12-25T07:17:12.854+0000] {dagbag.py:588} INFO - Filling up the DagBag from /workspace/openaq_de_project/airflow-env/lib/python3.12/site-packages/airflow/example_dags/example_time_delta_sensor_async.py
[2024-12-25T07:17:12.861+0000] {processor.py:925} INFO - DAG(s) 'example_time_delta_sensor_async' retrieved from /workspace/openaq_de_project/airflow-env/lib/python3.12/site-packages/airflow/example_dags/example_time_delta_sensor_async.py
[2024-12-25T07:17:12.876+0000] {logging_mixin.py:190} INFO - [2024-12-25T07:17:12.875+0000] {dag.py:3239} INFO - Sync 1 DAGs
[2024-12-25T07:17:12.887+0000] {logging_mixin.py:190} INFO - [2024-12-25T07:17:12.887+0000] {dag.py:4180} INFO - Setting next_dagrun for example_time_delta_sensor_async to None, run_after=None
[2024-12-25T07:17:12.903+0000] {processor.py:208} INFO - Processing /workspace/openaq_de_project/airflow-env/lib/python3.12/site-packages/airflow/example_dags/example_time_delta_sensor_async.py took 0.056 seconds
[2024-12-25T07:18:05.918+0000] {processor.py:186} INFO - Started process (PID=23915) to work on /workspace/openaq_de_project/airflow-env/lib/python3.12/site-packages/airflow/example_dags/example_time_delta_sensor_async.py
[2024-12-25T07:18:05.919+0000] {processor.py:914} INFO - Processing file /workspace/openaq_de_project/airflow-env/lib/python3.12/site-packages/airflow/example_dags/example_time_delta_sensor_async.py for tasks to queue
[2024-12-25T07:18:05.921+0000] {logging_mixin.py:190} INFO - [2024-12-25T07:18:05.921+0000] {dagbag.py:588} INFO - Filling up the DagBag from /workspace/openaq_de_project/airflow-env/lib/python3.12/site-packages/airflow/example_dags/example_time_delta_sensor_async.py
[2024-12-25T07:18:05.928+0000] {processor.py:925} INFO - DAG(s) 'example_time_delta_sensor_async' retrieved from /workspace/openaq_de_project/airflow-env/lib/python3.12/site-packages/airflow/example_dags/example_time_delta_sensor_async.py
[2024-12-25T07:18:05.941+0000] {logging_mixin.py:190} INFO - [2024-12-25T07:18:05.940+0000] {dag.py:3239} INFO - Sync 1 DAGs
[2024-12-25T07:18:05.952+0000] {logging_mixin.py:190} INFO - [2024-12-25T07:18:05.951+0000] {dag.py:4180} INFO - Setting next_dagrun for example_time_delta_sensor_async to None, run_after=None
[2024-12-25T07:18:05.968+0000] {processor.py:208} INFO - Processing /workspace/openaq_de_project/airflow-env/lib/python3.12/site-packages/airflow/example_dags/example_time_delta_sensor_async.py took 0.054 seconds
[2024-12-25T07:18:58.451+0000] {processor.py:186} INFO - Started process (PID=24003) to work on /workspace/openaq_de_project/airflow-env/lib/python3.12/site-packages/airflow/example_dags/example_time_delta_sensor_async.py
[2024-12-25T07:18:58.452+0000] {processor.py:914} INFO - Processing file /workspace/openaq_de_project/airflow-env/lib/python3.12/site-packages/airflow/example_dags/example_time_delta_sensor_async.py for tasks to queue
[2024-12-25T07:18:58.454+0000] {logging_mixin.py:190} INFO - [2024-12-25T07:18:58.454+0000] {dagbag.py:588} INFO - Filling up the DagBag from /workspace/openaq_de_project/airflow-env/lib/python3.12/site-packages/airflow/example_dags/example_time_delta_sensor_async.py
[2024-12-25T07:18:58.460+0000] {processor.py:925} INFO - DAG(s) 'example_time_delta_sensor_async' retrieved from /workspace/openaq_de_project/airflow-env/lib/python3.12/site-packages/airflow/example_dags/example_time_delta_sensor_async.py
[2024-12-25T07:18:58.473+0000] {logging_mixin.py:190} INFO - [2024-12-25T07:18:58.473+0000] {dag.py:3239} INFO - Sync 1 DAGs
[2024-12-25T07:18:58.484+0000] {logging_mixin.py:190} INFO - [2024-12-25T07:18:58.484+0000] {dag.py:4180} INFO - Setting next_dagrun for example_time_delta_sensor_async to None, run_after=None
[2024-12-25T07:18:58.500+0000] {processor.py:208} INFO - Processing /workspace/openaq_de_project/airflow-env/lib/python3.12/site-packages/airflow/example_dags/example_time_delta_sensor_async.py took 0.054 seconds
[2024-12-25T07:19:52.828+0000] {processor.py:186} INFO - Started process (PID=24151) to work on /workspace/openaq_de_project/airflow-env/lib/python3.12/site-packages/airflow/example_dags/example_time_delta_sensor_async.py
[2024-12-25T07:19:52.829+0000] {processor.py:914} INFO - Processing file /workspace/openaq_de_project/airflow-env/lib/python3.12/site-packages/airflow/example_dags/example_time_delta_sensor_async.py for tasks to queue
[2024-12-25T07:19:52.831+0000] {logging_mixin.py:190} INFO - [2024-12-25T07:19:52.830+0000] {dagbag.py:588} INFO - Filling up the DagBag from /workspace/openaq_de_project/airflow-env/lib/python3.12/site-packages/airflow/example_dags/example_time_delta_sensor_async.py
[2024-12-25T07:19:52.837+0000] {processor.py:925} INFO - DAG(s) 'example_time_delta_sensor_async' retrieved from /workspace/openaq_de_project/airflow-env/lib/python3.12/site-packages/airflow/example_dags/example_time_delta_sensor_async.py
[2024-12-25T07:19:52.850+0000] {logging_mixin.py:190} INFO - [2024-12-25T07:19:52.850+0000] {dag.py:3239} INFO - Sync 1 DAGs
[2024-12-25T07:19:52.862+0000] {logging_mixin.py:190} INFO - [2024-12-25T07:19:52.861+0000] {dag.py:4180} INFO - Setting next_dagrun for example_time_delta_sensor_async to None, run_after=None
[2024-12-25T07:19:52.878+0000] {processor.py:208} INFO - Processing /workspace/openaq_de_project/airflow-env/lib/python3.12/site-packages/airflow/example_dags/example_time_delta_sensor_async.py took 0.055 seconds
[2024-12-25T07:20:46.093+0000] {processor.py:186} INFO - Started process (PID=24257) to work on /workspace/openaq_de_project/airflow-env/lib/python3.12/site-packages/airflow/example_dags/example_time_delta_sensor_async.py
[2024-12-25T07:20:46.094+0000] {processor.py:914} INFO - Processing file /workspace/openaq_de_project/airflow-env/lib/python3.12/site-packages/airflow/example_dags/example_time_delta_sensor_async.py for tasks to queue
[2024-12-25T07:20:46.096+0000] {logging_mixin.py:190} INFO - [2024-12-25T07:20:46.096+0000] {dagbag.py:588} INFO - Filling up the DagBag from /workspace/openaq_de_project/airflow-env/lib/python3.12/site-packages/airflow/example_dags/example_time_delta_sensor_async.py
[2024-12-25T07:20:46.103+0000] {processor.py:925} INFO - DAG(s) 'example_time_delta_sensor_async' retrieved from /workspace/openaq_de_project/airflow-env/lib/python3.12/site-packages/airflow/example_dags/example_time_delta_sensor_async.py
[2024-12-25T07:20:46.116+0000] {logging_mixin.py:190} INFO - [2024-12-25T07:20:46.116+0000] {dag.py:3239} INFO - Sync 1 DAGs
[2024-12-25T07:20:46.127+0000] {logging_mixin.py:190} INFO - [2024-12-25T07:20:46.127+0000] {dag.py:4180} INFO - Setting next_dagrun for example_time_delta_sensor_async to None, run_after=None
[2024-12-25T07:20:46.237+0000] {processor.py:208} INFO - Processing /workspace/openaq_de_project/airflow-env/lib/python3.12/site-packages/airflow/example_dags/example_time_delta_sensor_async.py took 0.149 seconds
[2024-12-25T07:21:42.589+0000] {processor.py:186} INFO - Started process (PID=24392) to work on /workspace/openaq_de_project/airflow-env/lib/python3.12/site-packages/airflow/example_dags/example_time_delta_sensor_async.py
[2024-12-25T07:21:42.590+0000] {processor.py:914} INFO - Processing file /workspace/openaq_de_project/airflow-env/lib/python3.12/site-packages/airflow/example_dags/example_time_delta_sensor_async.py for tasks to queue
[2024-12-25T07:21:42.592+0000] {logging_mixin.py:190} INFO - [2024-12-25T07:21:42.591+0000] {dagbag.py:588} INFO - Filling up the DagBag from /workspace/openaq_de_project/airflow-env/lib/python3.12/site-packages/airflow/example_dags/example_time_delta_sensor_async.py
[2024-12-25T07:21:42.599+0000] {processor.py:925} INFO - DAG(s) 'example_time_delta_sensor_async' retrieved from /workspace/openaq_de_project/airflow-env/lib/python3.12/site-packages/airflow/example_dags/example_time_delta_sensor_async.py
[2024-12-25T07:21:42.613+0000] {logging_mixin.py:190} INFO - [2024-12-25T07:21:42.613+0000] {dag.py:3239} INFO - Sync 1 DAGs
[2024-12-25T07:21:42.626+0000] {logging_mixin.py:190} INFO - [2024-12-25T07:21:42.626+0000] {dag.py:4180} INFO - Setting next_dagrun for example_time_delta_sensor_async to None, run_after=None
[2024-12-25T07:21:42.643+0000] {processor.py:208} INFO - Processing /workspace/openaq_de_project/airflow-env/lib/python3.12/site-packages/airflow/example_dags/example_time_delta_sensor_async.py took 0.059 seconds
[2024-12-25T07:22:37.989+0000] {processor.py:186} INFO - Started process (PID=24553) to work on /workspace/openaq_de_project/airflow-env/lib/python3.12/site-packages/airflow/example_dags/example_time_delta_sensor_async.py
[2024-12-25T07:22:37.990+0000] {processor.py:914} INFO - Processing file /workspace/openaq_de_project/airflow-env/lib/python3.12/site-packages/airflow/example_dags/example_time_delta_sensor_async.py for tasks to queue
[2024-12-25T07:22:37.992+0000] {logging_mixin.py:190} INFO - [2024-12-25T07:22:37.992+0000] {dagbag.py:588} INFO - Filling up the DagBag from /workspace/openaq_de_project/airflow-env/lib/python3.12/site-packages/airflow/example_dags/example_time_delta_sensor_async.py
[2024-12-25T07:22:37.999+0000] {processor.py:925} INFO - DAG(s) 'example_time_delta_sensor_async' retrieved from /workspace/openaq_de_project/airflow-env/lib/python3.12/site-packages/airflow/example_dags/example_time_delta_sensor_async.py
[2024-12-25T07:22:38.013+0000] {logging_mixin.py:190} INFO - [2024-12-25T07:22:38.013+0000] {dag.py:3239} INFO - Sync 1 DAGs
[2024-12-25T07:22:38.026+0000] {logging_mixin.py:190} INFO - [2024-12-25T07:22:38.026+0000] {dag.py:4180} INFO - Setting next_dagrun for example_time_delta_sensor_async to None, run_after=None
[2024-12-25T07:22:38.042+0000] {processor.py:208} INFO - Processing /workspace/openaq_de_project/airflow-env/lib/python3.12/site-packages/airflow/example_dags/example_time_delta_sensor_async.py took 0.058 seconds
